Using pre-set license
Built from '2020.3/staging' branch; Version is '2020.3.3f1 (76626098c1c4) revision 7758432'; Using compiler version '192528614'; Build Type 'Release'
OS: 'Windows 10 Pro; OS build 19042.928; Version 2009; 64bit' Language: 'pt' Physical Memory: 8111 MB
BatchMode: 1, IsHumanControllingUs: 0, StartBugReporterOnCrash: 0, Is64bit: 1, IsPro: 0

 COMMAND LINE ARGUMENTS:
C:\Program Files\Unity\Editor\Unity.exe
-adb2
-batchMode
-noUpm
-name
AssetImportWorker11
-projectPath
C:/Users/Carla/Documents/GitHub/Unity/JogoDaMemoria/JogoDaMemoria/memoria3
-logFile
Logs/AssetImportWorker11.log
-srvPort
56927
Successfully changed project path to: C:/Users/Carla/Documents/GitHub/Unity/JogoDaMemoria/JogoDaMemoria/memoria3
C:/Users/Carla/Documents/GitHub/Unity/JogoDaMemoria/JogoDaMemoria/memoria3
Using Asset Import Pipeline V2.
Refreshing native plugins compatible for Editor in 56.50 ms, found 1 plugins.
Preloading 0 native plugins for Editor in 0.00 ms.
Initialize engine version: 2020.3.3f1 (76626098c1c4)
[Subsystems] Discovering subsystems at path C:/Program Files/Unity/Editor/Data/Resources/UnitySubsystems
[Subsystems] Discovering subsystems at path C:/Users/Carla/Documents/GitHub/Unity/JogoDaMemoria/JogoDaMemoria/memoria3/Assets
GfxDevice: creating device client; threaded=0
Direct3D:
    Version:  Direct3D 11.0 [level 11.0]
    Renderer: NVIDIA GeForce 820M (ID=0x1140)
    Vendor:   
    VRAM:     2000 MB
    Driver:   22.21.13.8205
Initialize mono
Mono path[0] = 'C:/Program Files/Unity/Editor/Data/Managed'
Mono path[1] = 'C:/Program Files/Unity/Editor/Data/MonoBleedingEdge/lib/mono/unityjit'
Mono config path = 'C:/Program Files/Unity/Editor/Data/MonoBleedingEdge/etc'
Using monoOptions --debugger-agent=transport=dt_socket,embedding=1,server=y,suspend=n,address=127.0.0.1:56564
Begin MonoManager ReloadAssembly
Registering precompiled unity dll's ...
Register platform support module: C:/Program Files/Unity/Editor/Data/PlaybackEngines/WindowsStandaloneSupport/UnityEditor.WindowsStandalone.Extensions.dll
Registered in 0.006033 seconds.
Native extension for WindowsStandalone target not found
Refreshing native plugins compatible for Editor in 58.88 ms, found 1 plugins.
Preloading 0 native plugins for Editor in 0.00 ms.
Invoked RoslynAnalysisRunner static constructor.
RoslynAnalysisRunner will not be running.
RoslynAnalysisRunner has terminated.
Mono: successfully reloaded assembly
- Completed reload, in  2.088 seconds
Platform modules already initialized, skipping
Registering precompiled user dll's ...
Registered in 0.001834 seconds.
Begin MonoManager ReloadAssembly
Native extension for WindowsStandalone target not found
Refreshing native plugins compatible for Editor in 64.27 ms, found 1 plugins.
Preloading 0 native plugins for Editor in 0.00 ms.
Invoked RoslynAnalysisRunner static constructor.
RoslynAnalysisRunner will not be running.
RoslynAnalysisRunner has terminated.
Mono: successfully reloaded assembly
- Completed reload, in  7.444 seconds
Platform modules already initialized, skipping
========================================================================
Worker process is ready to serve import requests
Launched and connected shader compiler UnityShaderCompiler.exe after 1.56 seconds
Refreshing native plugins compatible for Editor in 0.84 ms, found 1 plugins.
Preloading 0 native plugins for Editor in 0.00 ms.
Unloading 1815 Unused Serialized files (Serialized files now loaded: 0)
System memory in use before: 105.0 MB.
System memory in use after: 105.1 MB.

Unloading 18 unused Assets to reduce memory usage. Loaded Objects now: 2287.
Total: 3.827300 ms (FindLiveObjects: 0.416400 ms CreateObjectMapping: 0.210700 ms MarkObjects: 3.115600 ms  DeleteObjects: 0.081700 ms)

========================================================================
Received Import Request.
  path: Assets/Resources/Sprites/Fase1/pix.png
  artifactKey: Guid(5127f85e0b2acd44a8319dfba86f0471) Importer(815301076,1909f56bfc062723c751e8b465ee728b)
Start importing Assets/Resources/Sprites/Fase1/pix.png using Guid(5127f85e0b2acd44a8319dfba86f0471) Importer(815301076,1909f56bfc062723c751e8b465ee728b)  -> (artifact id: 'd5528396f004ac15cc08a3b270b3ba27') in 3.351816 seconds
  Import took 3.782431 seconds .

========================================================================
Received Import Request.
  Time since last request: 0.000515 seconds.
  path: Assets/Resources/Sprites/Fase2/download.png
  artifactKey: Guid(d6df778844b7cbc49ba478568898c4cc) Importer(815301076,1909f56bfc062723c751e8b465ee728b)
Start importing Assets/Resources/Sprites/Fase2/download.png using Guid(d6df778844b7cbc49ba478568898c4cc) Importer(815301076,1909f56bfc062723c751e8b465ee728b)  -> (artifact id: 'dbe2eb1e60b26bf20ef687cba2e080b1') in 0.572052 seconds
  Import took 0.991756 seconds .

========================================================================
Received Import Request.
  Time since last request: 0.000485 seconds.
  path: Assets/Resources/Sprites/Fase1/cadeado.png
  artifactKey: Guid(2f307c39c3d07b4439dae520692cd213) Importer(815301076,1909f56bfc062723c751e8b465ee728b)
Start importing Assets/Resources/Sprites/Fase1/cadeado.png using Guid(2f307c39c3d07b4439dae520692cd213) Importer(815301076,1909f56bfc062723c751e8b465ee728b)  -> (artifact id: '8acb73427cc5682436a5d91f25e67a29') in 0.493854 seconds
  Import took 0.733167 seconds .

========================================================================
Received Import Request.
  Time since last request: 0.001472 seconds.
  path: Assets/Resources/Sprites/Fase2/share.png
  artifactKey: Guid(284575a18b9f97441992729b423e3251) Importer(815301076,1909f56bfc062723c751e8b465ee728b)
Start importing Assets/Resources/Sprites/Fase2/share.png using Guid(284575a18b9f97441992729b423e3251) Importer(815301076,1909f56bfc062723c751e8b465ee728b)  -> (artifact id: '530b233479439ef5a44f1f4545b54534') in 0.311940 seconds
  Import took 0.363363 seconds .

========================================================================
Received Import Request.
  Time since last request: 0.000333 seconds.
  path: Assets/Resources/Sprites/Fase2/virus.png
  artifactKey: Guid(f4fca3a2e0bf85049a0fcde95b4ffce0) Importer(815301076,1909f56bfc062723c751e8b465ee728b)
Start importing Assets/Resources/Sprites/Fase2/virus.png using Guid(f4fca3a2e0bf85049a0fcde95b4ffce0) Importer(815301076,1909f56bfc062723c751e8b465ee728b)  -> (artifact id: '141ad750c5ea7cc44387967b7c793177') in 0.752744 seconds
  Import took 0.816648 seconds .

========================================================================
Received Import Request.
  Time since last request: 0.000384 seconds.
  path: Assets/Resources/Sprites/Fase2/bluetooth.png
  artifactKey: Guid(8461951cc33c82544ba829bd0252b929) Importer(815301076,1909f56bfc062723c751e8b465ee728b)
Start importing Assets/Resources/Sprites/Fase2/bluetooth.png using Guid(8461951cc33c82544ba829bd0252b929) Importer(815301076,1909f56bfc062723c751e8b465ee728b)  -> (artifact id: '102f4619d78053ceac9ec74ba94221ad') in 0.359541 seconds
  Import took 0.384591 seconds .

========================================================================
Received Import Request.
  Time since last request: 0.000468 seconds.
  path: Assets/Resources/Sprites/Fase1/virus.png
  artifactKey: Guid(95e0b9625cbf70f428b5a6c076e5b319) Importer(815301076,1909f56bfc062723c751e8b465ee728b)
Start importing Assets/Resources/Sprites/Fase1/virus.png using Guid(95e0b9625cbf70f428b5a6c076e5b319) Importer(815301076,1909f56bfc062723c751e8b465ee728b)  -> (artifact id: '4cd4656c7d8d3688674ec4f21f134b71') in 0.105142 seconds
  Import took 0.421883 seconds .

========================================================================
Received Import Request.
  Time since last request: 0.000383 seconds.
  path: Assets/Resources/Sprites/Fase2/wifi.png
  artifactKey: Guid(7b86258e6a76ebc49baff0b204a3735a) Importer(815301076,1909f56bfc062723c751e8b465ee728b)
Start importing Assets/Resources/Sprites/Fase2/wifi.png using Guid(7b86258e6a76ebc49baff0b204a3735a) Importer(815301076,1909f56bfc062723c751e8b465ee728b)  -> (artifact id: 'c7e6970b9f6864a75e22194f2bd0378c') in 0.258988 seconds
  Import took 0.378887 seconds .

========================================================================
Received Import Request.
  Time since last request: 0.000804 seconds.
  path: Assets/Resources/Sprites/Fase1/qr.png
  artifactKey: Guid(a35746deb57c2c048b0d3334cb133ae3) Importer(815301076,1909f56bfc062723c751e8b465ee728b)
Start importing Assets/Resources/Sprites/Fase1/qr.png using Guid(a35746deb57c2c048b0d3334cb133ae3) Importer(815301076,1909f56bfc062723c751e8b465ee728b)  -> (artifact id: '0fa068d83f8a0a03819316885528799b') in 0.313169 seconds
  Import took 0.350624 seconds .

========================================================================
Received Import Request.
  Time since last request: 0.000653 seconds.
  path: Assets/Resources/Sprites/Fase1/barra.png
  artifactKey: Guid(93da9f069102af74b9ebd5d64258351c) Importer(815301076,1909f56bfc062723c751e8b465ee728b)
Start importing Assets/Resources/Sprites/Fase1/barra.png using Guid(93da9f069102af74b9ebd5d64258351c) Importer(815301076,1909f56bfc062723c751e8b465ee728b)  -> (artifact id: 'ce9dc6c982af6e5ca2b0f72fb4b2a00d') in 0.542200 seconds
  Import took 0.657842 seconds .

========================================================================
Received Prepare
Registering precompiled user dll's ...
Registered in 1.612834 seconds.
Begin MonoManager ReloadAssembly
Native extension for WindowsStandalone target not found
Refreshing native plugins compatible for Editor in 0.66 ms, found 1 plugins.
Preloading 0 native plugins for Editor in 0.00 ms.
Invoked RoslynAnalysisRunner static constructor.
RoslynAnalysisRunner will not be running.
RoslynAnalysisRunner has terminated.
Mono: successfully reloaded assembly
- Completed reload, in  2.161 seconds
Platform modules already initialized, skipping
Refreshing native plugins compatible for Editor in 0.47 ms, found 1 plugins.
Preloading 0 native plugins for Editor in 0.00 ms.
Unloading 1806 Unused Serialized files (Serialized files now loaded: 0)
System memory in use before: 107.7 MB.
System memory in use after: 107.8 MB.

Unloading 8 unused Assets to reduce memory usage. Loaded Objects now: 2296.
Total: 2.443900 ms (FindLiveObjects: 0.361600 ms CreateObjectMapping: 0.150700 ms MarkObjects: 1.902400 ms  DeleteObjects: 0.025200 ms)

========================================================================
Received Prepare
Registering precompiled user dll's ...
Registered in 0.004006 seconds.
Begin MonoManager ReloadAssembly
Native extension for WindowsStandalone target not found
Refreshing native plugins compatible for Editor in 0.65 ms, found 1 plugins.
Preloading 0 native plugins for Editor in 0.00 ms.
Invoked RoslynAnalysisRunner static constructor.
RoslynAnalysisRunner will not be running.
RoslynAnalysisRunner has terminated.
Mono: successfully reloaded assembly
- Completed reload, in  2.781 seconds
Platform modules already initialized, skipping
Refreshing native plugins compatible for Editor in 1.35 ms, found 1 plugins.
Preloading 0 native plugins for Editor in 0.00 ms.
Unloading 1806 Unused Serialized files (Serialized files now loaded: 0)
System memory in use before: 107.7 MB.
System memory in use after: 107.8 MB.

Unloading 8 unused Assets to reduce memory usage. Loaded Objects now: 2299.
Total: 4.883900 ms (FindLiveObjects: 0.908900 ms CreateObjectMapping: 0.257900 ms MarkObjects: 3.646300 ms  DeleteObjects: 0.068200 ms)

========================================================================
Received Prepare
Registering precompiled user dll's ...
Registered in 0.001922 seconds.
Begin MonoManager ReloadAssembly
Native extension for WindowsStandalone target not found
Refreshing native plugins compatible for Editor in 0.94 ms, found 1 plugins.
Preloading 0 native plugins for Editor in 0.00 ms.
Invoked RoslynAnalysisRunner static constructor.
RoslynAnalysisRunner will not be running.
RoslynAnalysisRunner has terminated.
Mono: successfully reloaded assembly
- Completed reload, in  2.330 seconds
Platform modules already initialized, skipping
Refreshing native plugins compatible for Editor in 1.03 ms, found 1 plugins.
Preloading 0 native plugins for Editor in 0.00 ms.
Unloading 1806 Unused Serialized files (Serialized files now loaded: 0)
System memory in use before: 107.7 MB.
System memory in use after: 107.8 MB.

Unloading 8 unused Assets to reduce memory usage. Loaded Objects now: 2302.
Total: 3.805600 ms (FindLiveObjects: 0.314700 ms CreateObjectMapping: 0.099600 ms MarkObjects: 3.359700 ms  DeleteObjects: 0.029500 ms)

========================================================================
Received Prepare
Registering precompiled user dll's ...
Registered in 0.002334 seconds.
Begin MonoManager ReloadAssembly
Native extension for WindowsStandalone target not found
Refreshing native plugins compatible for Editor in 0.43 ms, found 1 plugins.
Preloading 0 native plugins for Editor in 0.00 ms.
Invoked RoslynAnalysisRunner static constructor.
RoslynAnalysisRunner will not be running.
RoslynAnalysisRunner has terminated.
Mono: successfully reloaded assembly
- Completed reload, in  3.972 seconds
Platform modules already initialized, skipping
Refreshing native plugins compatible for Editor in 0.70 ms, found 1 plugins.
Preloading 0 native plugins for Editor in 0.00 ms.
Unloading 1806 Unused Serialized files (Serialized files now loaded: 0)
System memory in use before: 107.7 MB.
System memory in use after: 107.8 MB.

Unloading 8 unused Assets to reduce memory usage. Loaded Objects now: 2305.
Total: 3.371700 ms (FindLiveObjects: 0.580600 ms CreateObjectMapping: 0.149900 ms MarkObjects: 2.618500 ms  DeleteObjects: 0.020900 ms)

========================================================================
Received Prepare
Registering precompiled user dll's ...
Registered in 0.002166 seconds.
Begin MonoManager ReloadAssembly
Native extension for WindowsStandalone target not found
Refreshing native plugins compatible for Editor in 0.44 ms, found 1 plugins.
Preloading 0 native plugins for Editor in 0.00 ms.
Invoked RoslynAnalysisRunner static constructor.
RoslynAnalysisRunner will not be running.
RoslynAnalysisRunner has terminated.
Mono: successfully reloaded assembly
- Completed reload, in  2.369 seconds
Platform modules already initialized, skipping
Refreshing native plugins compatible for Editor in 1.89 ms, found 1 plugins.
Preloading 0 native plugins for Editor in 0.00 ms.
Unloading 1806 Unused Serialized files (Serialized files now loaded: 0)
System memory in use before: 107.8 MB.
System memory in use after: 107.9 MB.

Unloading 8 unused Assets to reduce memory usage. Loaded Objects now: 2308.
Total: 11.272400 ms (FindLiveObjects: 1.021900 ms CreateObjectMapping: 0.224600 ms MarkObjects: 9.978900 ms  DeleteObjects: 0.044300 ms)

========================================================================
Received Prepare
Registering precompiled user dll's ...
Registered in 0.002783 seconds.
Begin MonoManager ReloadAssembly
Native extension for WindowsStandalone target not found
Refreshing native plugins compatible for Editor in 0.75 ms, found 1 plugins.
Preloading 0 native plugins for Editor in 0.00 ms.
Invoked RoslynAnalysisRunner static constructor.
RoslynAnalysisRunner will not be running.
RoslynAnalysisRunner has terminated.
Mono: successfully reloaded assembly
- Completed reload, in  3.956 seconds
Platform modules already initialized, skipping
Refreshing native plugins compatible for Editor in 0.88 ms, found 1 plugins.
Preloading 0 native plugins for Editor in 0.00 ms.
Unloading 1806 Unused Serialized files (Serialized files now loaded: 0)
System memory in use before: 107.8 MB.
System memory in use after: 107.9 MB.

Unloading 8 unused Assets to reduce memory usage. Loaded Objects now: 2311.
Total: 8.134900 ms (FindLiveObjects: 1.217800 ms CreateObjectMapping: 0.204300 ms MarkObjects: 6.665000 ms  DeleteObjects: 0.045200 ms)

========================================================================
Received Import Request.
  Time since last request: 2142.212115 seconds.
  path: Assets/Scenes/Fase2.unity
  artifactKey: Guid(81590309cda3d6b43ab4c5d5ff308fd7) Importer(815301076,1909f56bfc062723c751e8b465ee728b)
Start importing Assets/Scenes/Fase2.unity using Guid(81590309cda3d6b43ab4c5d5ff308fd7) Importer(815301076,1909f56bfc062723c751e8b465ee728b)  -> (artifact id: '5972650fa631c3adbe42448cb68286ef') in 0.143059 seconds
  Import took 0.306267 seconds .

========================================================================
Received Import Request.
  Time since last request: 1.342272 seconds.
  path: Assets/Scenes/Fase2.unity
  artifactKey: Guid(81590309cda3d6b43ab4c5d5ff308fd7) Importer(815301076,1909f56bfc062723c751e8b465ee728b)
Start importing Assets/Scenes/Fase2.unity using Guid(81590309cda3d6b43ab4c5d5ff308fd7) Importer(815301076,1909f56bfc062723c751e8b465ee728b)  -> (artifact id: '5972650fa631c3adbe42448cb68286ef') in 0.007813 seconds
  Import took 0.087078 seconds .

========================================================================
Received Import Request.
  Time since last request: 316.687340 seconds.
  path: Assets/Scenes/Game.unity
  artifactKey: Guid(2cda990e2423bbf4892e6590ba056729) Importer(815301076,1909f56bfc062723c751e8b465ee728b)
Start importing Assets/Scenes/Game.unity using Guid(2cda990e2423bbf4892e6590ba056729) Importer(815301076,1909f56bfc062723c751e8b465ee728b)  -> (artifact id: 'c24d4479b7f053a36bcd0756a871e15d') in 0.016537 seconds
  Import took 0.185240 seconds .

========================================================================
Received Prepare
Registering precompiled user dll's ...
Registered in 0.001653 seconds.
Begin MonoManager ReloadAssembly
Native extension for WindowsStandalone target not found
Refreshing native plugins compatible for Editor in 0.41 ms, found 1 plugins.
Preloading 0 native plugins for Editor in 0.00 ms.
Invoked RoslynAnalysisRunner static constructor.
RoslynAnalysisRunner will not be running.
RoslynAnalysisRunner has terminated.
Mono: successfully reloaded assembly
- Completed reload, in  1.434 seconds
Platform modules already initialized, skipping
Refreshing native plugins compatible for Editor in 0.48 ms, found 1 plugins.
Preloading 0 native plugins for Editor in 0.00 ms.
Unloading 1806 Unused Serialized files (Serialized files now loaded: 0)
System memory in use before: 107.8 MB.
System memory in use after: 107.9 MB.

Unloading 8 unused Assets to reduce memory usage. Loaded Objects now: 2314.
Total: 3.853900 ms (FindLiveObjects: 0.591000 ms CreateObjectMapping: 0.117100 ms MarkObjects: 3.113600 ms  DeleteObjects: 0.029600 ms)

========================================================================
Received Import Request.
  Time since last request: 243.740890 seconds.
  path: Assets/Scenes/LoadNextGame.prefab
  artifactKey: Guid(0a31f3b89f5aeb74485b6dd29656baf0) Importer(815301076,1909f56bfc062723c751e8b465ee728b)
Start importing Assets/Scenes/LoadNextGame.prefab using Guid(0a31f3b89f5aeb74485b6dd29656baf0) Importer(815301076,1909f56bfc062723c751e8b465ee728b)  -> (artifact id: 'd26a88fde1d7fe029e8cb48b3a432690') in 0.717428 seconds
  Import took 0.789205 seconds .

========================================================================
Received Import Request.
  Time since last request: 12.680886 seconds.
  path: Assets/Scenes/Fase2.unity
  artifactKey: Guid(81590309cda3d6b43ab4c5d5ff308fd7) Importer(815301076,1909f56bfc062723c751e8b465ee728b)
Start importing Assets/Scenes/Fase2.unity using Guid(81590309cda3d6b43ab4c5d5ff308fd7) Importer(815301076,1909f56bfc062723c751e8b465ee728b)  -> (artifact id: 'cb0d217c58abbe973a4f3734d7f0feb1') in 0.006491 seconds
  Import took 0.079493 seconds .

========================================================================
Received Import Request.
  Time since last request: 43.724572 seconds.
  path: Assets/Scenes/Game.unity
  artifactKey: Guid(2cda990e2423bbf4892e6590ba056729) Importer(815301076,1909f56bfc062723c751e8b465ee728b)
Start importing Assets/Scenes/Game.unity using Guid(2cda990e2423bbf4892e6590ba056729) Importer(815301076,1909f56bfc062723c751e8b465ee728b)  -> (artifact id: '058096247b4e3efa79d000eb4cc9eeb4') in 0.020143 seconds
  Import took 0.105234 seconds .

========================================================================
Received Import Request.
  Time since last request: 40.914938 seconds.
  path: Assets/Scenes/Fase2.unity
  artifactKey: Guid(81590309cda3d6b43ab4c5d5ff308fd7) Importer(815301076,1909f56bfc062723c751e8b465ee728b)
Start importing Assets/Scenes/Fase2.unity using Guid(81590309cda3d6b43ab4c5d5ff308fd7) Importer(815301076,1909f56bfc062723c751e8b465ee728b)  -> (artifact id: 'bdb72e0253126aa654f8bb3424ef6fb0') in 0.009725 seconds
  Import took 0.062924 seconds .

========================================================================
Received Import Request.
  Time since last request: 453.440395 seconds.
  path: Assets/Scenes/Game.unity
  artifactKey: Guid(2cda990e2423bbf4892e6590ba056729) Importer(815301076,1909f56bfc062723c751e8b465ee728b)
Start importing Assets/Scenes/Game.unity using Guid(2cda990e2423bbf4892e6590ba056729) Importer(815301076,1909f56bfc062723c751e8b465ee728b)  -> (artifact id: 'aa437cb4228984392d8f4b00ed7edfd0') in 0.011385 seconds
  Import took 0.041029 seconds .

========================================================================
Received Import Request.
  Time since last request: 6.334112 seconds.
  path: Assets/Scenes/Fase2.unity
  artifactKey: Guid(81590309cda3d6b43ab4c5d5ff308fd7) Importer(815301076,1909f56bfc062723c751e8b465ee728b)
Start importing Assets/Scenes/Fase2.unity using Guid(81590309cda3d6b43ab4c5d5ff308fd7) Importer(815301076,1909f56bfc062723c751e8b465ee728b)  -> (artifact id: 'e520af2e272a7d10da4e0d1bfe8706c2') in 0.006565 seconds
  Import took 0.160082 seconds .

========================================================================
Received Import Request.
  Time since last request: 227.561534 seconds.
  path: Assets/Scenes/Game.unity
  artifactKey: Guid(2cda990e2423bbf4892e6590ba056729) Importer(815301076,1909f56bfc062723c751e8b465ee728b)
Start importing Assets/Scenes/Game.unity using Guid(2cda990e2423bbf4892e6590ba056729) Importer(815301076,1909f56bfc062723c751e8b465ee728b)  -> (artifact id: '30ea450af334e2e3dbc24780ed12ab9a') in 0.007555 seconds
  Import took 0.081662 seconds .

========================================================================
Received Import Request.
  Time since last request: 10.077588 seconds.
  path: Assets/Scenes/Image.prefab
  artifactKey: Guid(a716693691d7e8c49809558d445ecab0) Importer(815301076,1909f56bfc062723c751e8b465ee728b)
Start importing Assets/Scenes/Image.prefab using Guid(a716693691d7e8c49809558d445ecab0) Importer(815301076,1909f56bfc062723c751e8b465ee728b)  -> (artifact id: '4a986739671403e76fe14487657b8014') in 0.251952 seconds
  Import took 0.274553 seconds .

========================================================================
Received Import Request.
  Time since last request: 27.511222 seconds.
  path: Assets/Scenes/Game.unity
  artifactKey: Guid(2cda990e2423bbf4892e6590ba056729) Importer(815301076,1909f56bfc062723c751e8b465ee728b)
Start importing Assets/Scenes/Game.unity using Guid(2cda990e2423bbf4892e6590ba056729) Importer(815301076,1909f56bfc062723c751e8b465ee728b)  -> (artifact id: '379f25e126abb127a72fed3ce91256d8') in 0.006660 seconds
  Import took 0.174724 seconds .

========================================================================
Received Import Request.
  Time since last request: 35.808671 seconds.
  path: Assets/Scenes/Fase2.unity
  artifactKey: Guid(81590309cda3d6b43ab4c5d5ff308fd7) Importer(815301076,1909f56bfc062723c751e8b465ee728b)
Start importing Assets/Scenes/Fase2.unity using Guid(81590309cda3d6b43ab4c5d5ff308fd7) Importer(815301076,1909f56bfc062723c751e8b465ee728b)  -> (artifact id: 'e8d2535181ade7a85163dabbb4a6845b') in 0.014576 seconds
  Import took 0.217361 seconds .

========================================================================
Received Prepare
Registering precompiled user dll's ...
Registered in 0.002551 seconds.
Begin MonoManager ReloadAssembly
Native extension for WindowsStandalone target not found
Refreshing native plugins compatible for Editor in 0.88 ms, found 1 plugins.
Preloading 0 native plugins for Editor in 0.00 ms.
Invoked RoslynAnalysisRunner static constructor.
RoslynAnalysisRunner will not be running.
RoslynAnalysisRunner has terminated.
Mono: successfully reloaded assembly
- Completed reload, in  1.535 seconds
Platform modules already initialized, skipping
Refreshing native plugins compatible for Editor in 0.45 ms, found 1 plugins.
Preloading 0 native plugins for Editor in 0.00 ms.
Unloading 1806 Unused Serialized files (Serialized files now loaded: 0)
System memory in use before: 107.9 MB.
System memory in use after: 108.0 MB.

Unloading 9 unused Assets to reduce memory usage. Loaded Objects now: 2319.
Total: 2.590500 ms (FindLiveObjects: 0.284200 ms CreateObjectMapping: 0.134100 ms MarkObjects: 2.129600 ms  DeleteObjects: 0.040300 ms)

========================================================================
Received Import Request.
  Time since last request: 132.314836 seconds.
  path: Assets/Scenes/Fase2.unity
  artifactKey: Guid(81590309cda3d6b43ab4c5d5ff308fd7) Importer(815301076,1909f56bfc062723c751e8b465ee728b)
Start importing Assets/Scenes/Fase2.unity using Guid(81590309cda3d6b43ab4c5d5ff308fd7) Importer(815301076,1909f56bfc062723c751e8b465ee728b)  -> (artifact id: 'a12b89aac64516c2af5a58def48f194c') in 0.045707 seconds
  Import took 0.135176 seconds .

========================================================================
Received Import Request.
  Time since last request: 3486.758127 seconds.
  path: Assets/Resources/Sprites/Icons/share.png
  artifactKey: Guid(d6d09820a6fa1a8419ad70503cf584c9) Importer(815301076,1909f56bfc062723c751e8b465ee728b)
Start importing Assets/Resources/Sprites/Icons/share.png using Guid(d6d09820a6fa1a8419ad70503cf584c9) Importer(815301076,1909f56bfc062723c751e8b465ee728b)  -> (artifact id: '42693ba41578fb9e8e2176127811c4dc') in 76.081515 seconds
  Import took 107.387352 seconds .

========================================================================
Received Import Request.
  Time since last request: 0.001092 seconds.
  path: Assets/Resources/Sprites/Icons/download.png
  artifactKey: Guid(f5f7cd17d43117f479ad9c0be7041b81) Importer(815301076,1909f56bfc062723c751e8b465ee728b)
Start importing Assets/Resources/Sprites/Icons/download.png using Guid(f5f7cd17d43117f479ad9c0be7041b81) Importer(815301076,1909f56bfc062723c751e8b465ee728b)  -> (artifact id: 'bd9fb5ecbfa4e9158871209a758ade9c') in 0.686929 seconds
  Import took 0.693838 seconds .

========================================================================
Received Import Request.
  Time since last request: 0.000701 seconds.
  path: Assets/Resources/Sprites/Icons/share.png
  artifactKey: Guid(d6d09820a6fa1a8419ad70503cf584c9) Importer(815301076,1909f56bfc062723c751e8b465ee728b)
Start importing Assets/Resources/Sprites/Icons/share.png using Guid(d6d09820a6fa1a8419ad70503cf584c9) Importer(815301076,1909f56bfc062723c751e8b465ee728b)  -> (artifact id: '42693ba41578fb9e8e2176127811c4dc') in 0.192027 seconds
  Import took 0.196738 seconds .

========================================================================
Received Import Request.
  Time since last request: 383.487194 seconds.
  path: Assets/Resources/Sprites/Icons/wifi.png
  artifactKey: Guid(59f3322515c9845489a03720b3669735) Importer(815301076,1909f56bfc062723c751e8b465ee728b)
Start importing Assets/Resources/Sprites/Icons/wifi.png using Guid(59f3322515c9845489a03720b3669735) Importer(815301076,1909f56bfc062723c751e8b465ee728b)  -> (artifact id: 'f4c62e11c546442056a179912d75d018') in 0.468066 seconds
  Import took 0.790333 seconds .

========================================================================
Received Prepare
Registering precompiled user dll's ...
Registered in 0.001580 seconds.
Begin MonoManager ReloadAssembly
Native extension for WindowsStandalone target not found
Refreshing native plugins compatible for Editor in 0.53 ms, found 1 plugins.
Preloading 0 native plugins for Editor in 0.00 ms.
Invoked RoslynAnalysisRunner static constructor.
RoslynAnalysisRunner will not be running.
RoslynAnalysisRunner has terminated.
Mono: successfully reloaded assembly
- Completed reload, in 32.934 seconds
Platform modules already initialized, skipping
Refreshing native plugins compatible for Editor in 0.49 ms, found 1 plugins.
Preloading 0 native plugins for Editor in 0.00 ms.
Unloading 1806 Unused Serialized files (Serialized files now loaded: 0)
System memory in use before: 107.9 MB.
System memory in use after: 108.0 MB.

Unloading 8 unused Assets to reduce memory usage. Loaded Objects now: 2325.
Total: 114.577500 ms (FindLiveObjects: 0.238300 ms CreateObjectMapping: 0.079300 ms MarkObjects: 114.216500 ms  DeleteObjects: 0.040200 ms)

========================================================================
Received Prepare
Registering precompiled user dll's ...
Registered in 0.001768 seconds.
Begin MonoManager ReloadAssembly
Native extension for WindowsStandalone target not found
Refreshing native plugins compatible for Editor in 1.19 ms, found 1 plugins.
Preloading 0 native plugins for Editor in 0.00 ms.
Invoked RoslynAnalysisRunner static constructor.
RoslynAnalysisRunner will not be running.
RoslynAnalysisRunner has terminated.
Mono: successfully reloaded assembly
- Completed reload, in  6.210 seconds
Platform modules already initialized, skipping
Refreshing native plugins compatible for Editor in 0.83 ms, found 1 plugins.
Preloading 0 native plugins for Editor in 0.00 ms.
Unloading 1806 Unused Serialized files (Serialized files now loaded: 0)
System memory in use before: 107.9 MB.
System memory in use after: 108.0 MB.

Unloading 8 unused Assets to reduce memory usage. Loaded Objects now: 2328.
Total: 6.352200 ms (FindLiveObjects: 0.840800 ms CreateObjectMapping: 0.431800 ms MarkObjects: 5.050000 ms  DeleteObjects: 0.026900 ms)

========================================================================
Received Prepare
Registering precompiled user dll's ...
Registered in 0.001560 seconds.
Begin MonoManager ReloadAssembly
Native extension for WindowsStandalone target not found
Refreshing native plugins compatible for Editor in 0.48 ms, found 1 plugins.
Preloading 0 native plugins for Editor in 0.00 ms.
Invoked RoslynAnalysisRunner static constructor.
RoslynAnalysisRunner will not be running.
RoslynAnalysisRunner has terminated.
Mono: successfully reloaded assembly
- Completed reload, in  1.281 seconds
Platform modules already initialized, skipping
Refreshing native plugins compatible for Editor in 0.48 ms, found 1 plugins.
Preloading 0 native plugins for Editor in 0.00 ms.
Unloading 1806 Unused Serialized files (Serialized files now loaded: 0)
System memory in use before: 107.9 MB.
System memory in use after: 108.0 MB.

Unloading 8 unused Assets to reduce memory usage. Loaded Objects now: 2331.
Total: 2.392200 ms (FindLiveObjects: 0.252100 ms CreateObjectMapping: 0.087400 ms MarkObjects: 2.022600 ms  DeleteObjects: 0.028000 ms)

========================================================================
Received Prepare
Registering precompiled user dll's ...
Registered in 0.001641 seconds.
Begin MonoManager ReloadAssembly
Native extension for WindowsStandalone target not found
Refreshing native plugins compatible for Editor in 1.57 ms, found 1 plugins.
Preloading 0 native plugins for Editor in 0.00 ms.
Invoked RoslynAnalysisRunner static constructor.
RoslynAnalysisRunner will not be running.
RoslynAnalysisRunner has terminated.
Mono: successfully reloaded assembly
- Completed reload, in  3.333 seconds
Platform modules already initialized, skipping
Refreshing native plugins compatible for Editor in 3.69 ms, found 1 plugins.
Preloading 0 native plugins for Editor in 0.00 ms.
Unloading 1806 Unused Serialized files (Serialized files now loaded: 0)
System memory in use before: 107.9 MB.
System memory in use after: 108.1 MB.

Unloading 8 unused Assets to reduce memory usage. Loaded Objects now: 2334.
Total: 6.692600 ms (FindLiveObjects: 0.645900 ms CreateObjectMapping: 0.189700 ms MarkObjects: 5.827800 ms  DeleteObjects: 0.027000 ms)

========================================================================
Received Import Request.
  Time since last request: 926.804964 seconds.
  path: Assets/Scenes/Fase2.unity
  artifactKey: Guid(81590309cda3d6b43ab4c5d5ff308fd7) Importer(815301076,1909f56bfc062723c751e8b465ee728b)
Start importing Assets/Scenes/Fase2.unity using Guid(81590309cda3d6b43ab4c5d5ff308fd7) Importer(815301076,1909f56bfc062723c751e8b465ee728b)  -> (artifact id: '7c162a2ec7fb20b81a5975dd052ce59a') in 0.058608 seconds
  Import took 0.123131 seconds .

========================================================================
Received Import Request.
  Time since last request: 9.488970 seconds.
  path: Assets/Scripts/Fase1/Screens.cs
  artifactKey: Guid(372b2828804e745438f740afa29eff9a) Importer(815301076,1909f56bfc062723c751e8b465ee728b)
Start importing Assets/Scripts/Fase1/Screens.cs using Guid(372b2828804e745438f740afa29eff9a) Importer(815301076,1909f56bfc062723c751e8b465ee728b)  -> (artifact id: '251576d4ec9741cf8d6464296a1c9b71') in 0.031829 seconds
  Import took 0.145012 seconds .

========================================================================
Received Prepare
Registering precompiled user dll's ...
Registered in 0.001616 seconds.
Begin MonoManager ReloadAssembly
Native extension for WindowsStandalone target not found
Refreshing native plugins compatible for Editor in 2.60 ms, found 1 plugins.
Preloading 0 native plugins for Editor in 0.00 ms.
Invoked RoslynAnalysisRunner static constructor.
RoslynAnalysisRunner will not be running.
RoslynAnalysisRunner has terminated.
Mono: successfully reloaded assembly
- Completed reload, in 46.604 seconds
Platform modules already initialized, skipping
Refreshing native plugins compatible for Editor in 36.40 ms, found 1 plugins.
Preloading 0 native plugins for Editor in 0.00 ms.
Unloading 1806 Unused Serialized files (Serialized files now loaded: 0)
System memory in use before: 108.0 MB.
System memory in use after: 108.1 MB.

Unloading 8 unused Assets to reduce memory usage. Loaded Objects now: 2337.
Total: 107.146100 ms (FindLiveObjects: 2.413900 ms CreateObjectMapping: 4.053600 ms MarkObjects: 100.641500 ms  DeleteObjects: 0.033600 ms)

========================================================================
Received Prepare
Registering precompiled user dll's ...
Registered in 0.003073 seconds.
Begin MonoManager ReloadAssembly
Native extension for WindowsStandalone target not found
Refreshing native plugins compatible for Editor in 0.71 ms, found 1 plugins.
Preloading 0 native plugins for Editor in 0.00 ms.
Invoked RoslynAnalysisRunner static constructor.
RoslynAnalysisRunner will not be running.
RoslynAnalysisRunner has terminated.
Mono: successfully reloaded assembly
- Completed reload, in  3.203 seconds
Platform modules already initialized, skipping
Refreshing native plugins compatible for Editor in 2.03 ms, found 1 plugins.
Preloading 0 native plugins for Editor in 0.00 ms.
Unloading 1806 Unused Serialized files (Serialized files now loaded: 0)
System memory in use before: 108.0 MB.
System memory in use after: 108.1 MB.

Unloading 8 unused Assets to reduce memory usage. Loaded Objects now: 2340.
Total: 3.294800 ms (FindLiveObjects: 0.343300 ms CreateObjectMapping: 0.114500 ms MarkObjects: 2.809200 ms  DeleteObjects: 0.026200 ms)

========================================================================
Received Prepare
Registering precompiled user dll's ...
Registered in 0.001767 seconds.
Begin MonoManager ReloadAssembly
Native extension for WindowsStandalone target not found
Refreshing native plugins compatible for Editor in 0.43 ms, found 1 plugins.
Preloading 0 native plugins for Editor in 0.00 ms.
Invoked RoslynAnalysisRunner static constructor.
RoslynAnalysisRunner will not be running.
RoslynAnalysisRunner has terminated.
Mono: successfully reloaded assembly
- Completed reload, in  1.318 seconds
Platform modules already initialized, skipping
Refreshing native plugins compatible for Editor in 0.42 ms, found 1 plugins.
Preloading 0 native plugins for Editor in 0.00 ms.
Unloading 1806 Unused Serialized files (Serialized files now loaded: 0)
System memory in use before: 108.0 MB.
System memory in use after: 108.1 MB.

Unloading 8 unused Assets to reduce memory usage. Loaded Objects now: 2343.
Total: 2.607700 ms (FindLiveObjects: 0.333500 ms CreateObjectMapping: 0.102800 ms MarkObjects: 2.146600 ms  DeleteObjects: 0.023000 ms)

========================================================================
Received Prepare
Registering precompiled user dll's ...
Registered in 0.002631 seconds.
Begin MonoManager ReloadAssembly
Native extension for WindowsStandalone target not found
Refreshing native plugins compatible for Editor in 0.79 ms, found 1 plugins.
Preloading 0 native plugins for Editor in 0.00 ms.
Invoked RoslynAnalysisRunner static constructor.
RoslynAnalysisRunner will not be running.
RoslynAnalysisRunner has terminated.
Mono: successfully reloaded assembly
- Completed reload, in  4.186 seconds
Platform modules already initialized, skipping
Refreshing native plugins compatible for Editor in 0.61 ms, found 1 plugins.
Preloading 0 native plugins for Editor in 0.00 ms.
Unloading 1806 Unused Serialized files (Serialized files now loaded: 0)
System memory in use before: 108.0 MB.
System memory in use after: 108.1 MB.

Unloading 8 unused Assets to reduce memory usage. Loaded Objects now: 2346.
Total: 8.902100 ms (FindLiveObjects: 0.272400 ms CreateObjectMapping: 0.083200 ms MarkObjects: 8.513600 ms  DeleteObjects: 0.029800 ms)

