Using pre-set license
Built from '2020.3/staging' branch; Version is '2020.3.3f1 (76626098c1c4) revision 7758432'; Using compiler version '192528614'; Build Type 'Release'
OS: 'Windows 10 Pro; OS build 19042.985; Version 2009; 64bit' Language: 'pt' Physical Memory: 8111 MB
BatchMode: 1, IsHumanControllingUs: 0, StartBugReporterOnCrash: 0, Is64bit: 1, IsPro: 0

 COMMAND LINE ARGUMENTS:
C:\Program Files\Unity\Editor\Unity.exe
-adb2
-batchMode
-noUpm
-name
AssetImportWorker0
-projectPath
C:/Users/Carla/Documents/GitHub/Unity/JogoDaMemoria/JogoDaMemoria/memoria3
-logFile
Logs/AssetImportWorker0.log
-srvPort
60275
Successfully changed project path to: C:/Users/Carla/Documents/GitHub/Unity/JogoDaMemoria/JogoDaMemoria/memoria3
C:/Users/Carla/Documents/GitHub/Unity/JogoDaMemoria/JogoDaMemoria/memoria3
Using Asset Import Pipeline V2.
Refreshing native plugins compatible for Editor in 142.37 ms, found 1 plugins.
Preloading 0 native plugins for Editor in 0.00 ms.
Initialize engine version: 2020.3.3f1 (76626098c1c4)
[Subsystems] Discovering subsystems at path C:/Program Files/Unity/Editor/Data/Resources/UnitySubsystems
[Subsystems] Discovering subsystems at path C:/Users/Carla/Documents/GitHub/Unity/JogoDaMemoria/JogoDaMemoria/memoria3/Assets
GfxDevice: creating device client; threaded=0
Direct3D:
    Version:  Direct3D 11.0 [level 11.0]
    Renderer: NVIDIA GeForce 820M (ID=0x1140)
    Vendor:   
    VRAM:     2000 MB
    Driver:   22.21.13.8205
Initialize mono
Mono path[0] = 'C:/Program Files/Unity/Editor/Data/Managed'
Mono path[1] = 'C:/Program Files/Unity/Editor/Data/MonoBleedingEdge/lib/mono/unityjit'
Mono config path = 'C:/Program Files/Unity/Editor/Data/MonoBleedingEdge/etc'
Using monoOptions --debugger-agent=transport=dt_socket,embedding=1,server=y,suspend=n,address=127.0.0.1:56520
Begin MonoManager ReloadAssembly
Registering precompiled unity dll's ...
Register platform support module: C:/Program Files/Unity/Editor/Data/PlaybackEngines/WindowsStandaloneSupport/UnityEditor.WindowsStandalone.Extensions.dll
Registered in 0.004011 seconds.
Native extension for WindowsStandalone target not found
Refreshing native plugins compatible for Editor in 50.55 ms, found 1 plugins.
Preloading 0 native plugins for Editor in 0.00 ms.
Invoked RoslynAnalysisRunner static constructor.
RoslynAnalysisRunner will not be running.
RoslynAnalysisRunner has terminated.
Mono: successfully reloaded assembly
- Completed reload, in  1.679 seconds
Platform modules already initialized, skipping
Registering precompiled user dll's ...
Registered in 0.001602 seconds.
Begin MonoManager ReloadAssembly
Native extension for WindowsStandalone target not found
Refreshing native plugins compatible for Editor in 52.29 ms, found 1 plugins.
Preloading 0 native plugins for Editor in 0.00 ms.
Invoked RoslynAnalysisRunner static constructor.
RoslynAnalysisRunner will not be running.
RoslynAnalysisRunner has terminated.
Mono: successfully reloaded assembly
- Completed reload, in  1.297 seconds
Platform modules already initialized, skipping
========================================================================
Worker process is ready to serve import requests
Launched and connected shader compiler UnityShaderCompiler.exe after 0.92 seconds
Refreshing native plugins compatible for Editor in 0.45 ms, found 1 plugins.
Preloading 0 native plugins for Editor in 0.00 ms.
Unloading 1815 Unused Serialized files (Serialized files now loaded: 0)
System memory in use before: 111.4 MB.
System memory in use after: 111.5 MB.

Unloading 18 unused Assets to reduce memory usage. Loaded Objects now: 2298.
Total: 3.271700 ms (FindLiveObjects: 0.653800 ms CreateObjectMapping: 0.399500 ms MarkObjects: 2.186000 ms  DeleteObjects: 0.031000 ms)

========================================================================
Received Import Request.
  path: Assets/Butterfly (Animated)/Prefab/Butterfly.prefab
  artifactKey: Guid(be999fe03c257ec4cb0a3a4b5ca72217) Importer(815301076,1909f56bfc062723c751e8b465ee728b)
Start importing Assets/Butterfly (Animated)/Prefab/Butterfly.prefab using Guid(be999fe03c257ec4cb0a3a4b5ca72217) Importer(815301076,1909f56bfc062723c751e8b465ee728b)  -> (artifact id: '137285d273ce4a52fb7e055ef7f872e9') in 0.721378 seconds
  Import took 0.748914 seconds .

========================================================================
Received Prepare
Registering precompiled user dll's ...
Registered in 0.002429 seconds.
Begin MonoManager ReloadAssembly
Native extension for WindowsStandalone target not found
Refreshing native plugins compatible for Editor in 0.76 ms, found 1 plugins.
Preloading 0 native plugins for Editor in 0.00 ms.
Invoked RoslynAnalysisRunner static constructor.
RoslynAnalysisRunner will not be running.
RoslynAnalysisRunner has terminated.
Mono: successfully reloaded assembly
- Completed reload, in  1.373 seconds
Platform modules already initialized, skipping
Refreshing native plugins compatible for Editor in 0.47 ms, found 1 plugins.
Preloading 0 native plugins for Editor in 0.00 ms.
Unloading 1806 Unused Serialized files (Serialized files now loaded: 0)
System memory in use before: 114.1 MB.
System memory in use after: 114.2 MB.

Unloading 8 unused Assets to reduce memory usage. Loaded Objects now: 2308.
Total: 2.616000 ms (FindLiveObjects: 0.286600 ms CreateObjectMapping: 0.087400 ms MarkObjects: 2.216000 ms  DeleteObjects: 0.024400 ms)

========================================================================
Received Prepare
Registering precompiled user dll's ...
Registered in 0.001654 seconds.
Begin MonoManager ReloadAssembly
Native extension for WindowsStandalone target not found
Refreshing native plugins compatible for Editor in 0.57 ms, found 1 plugins.
Preloading 0 native plugins for Editor in 0.00 ms.
Invoked RoslynAnalysisRunner static constructor.
RoslynAnalysisRunner will not be running.
RoslynAnalysisRunner has terminated.
Mono: successfully reloaded assembly
- Completed reload, in  1.417 seconds
Platform modules already initialized, skipping
Refreshing native plugins compatible for Editor in 0.69 ms, found 1 plugins.
Preloading 0 native plugins for Editor in 0.00 ms.
Unloading 1806 Unused Serialized files (Serialized files now loaded: 0)
System memory in use before: 114.1 MB.
System memory in use after: 114.2 MB.

Unloading 8 unused Assets to reduce memory usage. Loaded Objects now: 2311.
Total: 2.289100 ms (FindLiveObjects: 0.213000 ms CreateObjectMapping: 0.067300 ms MarkObjects: 1.979700 ms  DeleteObjects: 0.026600 ms)

========================================================================
Received Prepare
Registering precompiled user dll's ...
Registered in 0.001727 seconds.
Begin MonoManager ReloadAssembly
Native extension for WindowsStandalone target not found
Refreshing native plugins compatible for Editor in 0.48 ms, found 1 plugins.
Preloading 0 native plugins for Editor in 0.00 ms.
Invoked RoslynAnalysisRunner static constructor.
RoslynAnalysisRunner will not be running.
RoslynAnalysisRunner has terminated.
Mono: successfully reloaded assembly
- Completed reload, in  1.410 seconds
Platform modules already initialized, skipping
Refreshing native plugins compatible for Editor in 0.49 ms, found 1 plugins.
Preloading 0 native plugins for Editor in 0.00 ms.
Unloading 1806 Unused Serialized files (Serialized files now loaded: 0)
System memory in use before: 114.2 MB.
System memory in use after: 114.3 MB.

Unloading 8 unused Assets to reduce memory usage. Loaded Objects now: 2314.
Total: 2.039800 ms (FindLiveObjects: 0.214300 ms CreateObjectMapping: 0.067400 ms MarkObjects: 1.738200 ms  DeleteObjects: 0.018100 ms)

========================================================================
Received Prepare
Registering precompiled user dll's ...
Registered in 0.002186 seconds.
Begin MonoManager ReloadAssembly
Native extension for WindowsStandalone target not found
Refreshing native plugins compatible for Editor in 0.49 ms, found 1 plugins.
Preloading 0 native plugins for Editor in 0.00 ms.
Invoked RoslynAnalysisRunner static constructor.
RoslynAnalysisRunner will not be running.
RoslynAnalysisRunner has terminated.
Mono: successfully reloaded assembly
- Completed reload, in  1.346 seconds
Platform modules already initialized, skipping
Refreshing native plugins compatible for Editor in 0.46 ms, found 1 plugins.
Preloading 0 native plugins for Editor in 0.00 ms.
Unloading 1806 Unused Serialized files (Serialized files now loaded: 0)
System memory in use before: 114.2 MB.
System memory in use after: 114.3 MB.

Unloading 8 unused Assets to reduce memory usage. Loaded Objects now: 2317.
Total: 3.354000 ms (FindLiveObjects: 0.246600 ms CreateObjectMapping: 0.070400 ms MarkObjects: 3.008800 ms  DeleteObjects: 0.026400 ms)

========================================================================
Received Prepare
Registering precompiled user dll's ...
Registered in 0.001906 seconds.
Begin MonoManager ReloadAssembly
Native extension for WindowsStandalone target not found
Refreshing native plugins compatible for Editor in 0.48 ms, found 1 plugins.
Preloading 0 native plugins for Editor in 0.00 ms.
Invoked RoslynAnalysisRunner static constructor.
RoslynAnalysisRunner will not be running.
RoslynAnalysisRunner has terminated.
Mono: successfully reloaded assembly
- Completed reload, in  1.352 seconds
Platform modules already initialized, skipping
Refreshing native plugins compatible for Editor in 0.57 ms, found 1 plugins.
Preloading 0 native plugins for Editor in 0.00 ms.
Unloading 1806 Unused Serialized files (Serialized files now loaded: 0)
System memory in use before: 114.2 MB.
System memory in use after: 114.3 MB.

Unloading 8 unused Assets to reduce memory usage. Loaded Objects now: 2320.
Total: 4.373000 ms (FindLiveObjects: 0.349200 ms CreateObjectMapping: 0.112300 ms MarkObjects: 3.877500 ms  DeleteObjects: 0.031900 ms)

========================================================================
Received Prepare
Registering precompiled user dll's ...
Registered in 0.001589 seconds.
Begin MonoManager ReloadAssembly
Native extension for WindowsStandalone target not found
Refreshing native plugins compatible for Editor in 0.77 ms, found 1 plugins.
Preloading 0 native plugins for Editor in 0.00 ms.
Invoked RoslynAnalysisRunner static constructor.
RoslynAnalysisRunner will not be running.
RoslynAnalysisRunner has terminated.
Mono: successfully reloaded assembly
- Completed reload, in  1.417 seconds
Platform modules already initialized, skipping
Refreshing native plugins compatible for Editor in 0.48 ms, found 1 plugins.
Preloading 0 native plugins for Editor in 0.00 ms.
Unloading 1806 Unused Serialized files (Serialized files now loaded: 0)
System memory in use before: 114.2 MB.
System memory in use after: 114.3 MB.

Unloading 8 unused Assets to reduce memory usage. Loaded Objects now: 2323.
Total: 6.321300 ms (FindLiveObjects: 0.333900 ms CreateObjectMapping: 0.105400 ms MarkObjects: 5.846400 ms  DeleteObjects: 0.032900 ms)

========================================================================
Received Prepare
Registering precompiled user dll's ...
Registered in 0.002293 seconds.
Begin MonoManager ReloadAssembly
Native extension for WindowsStandalone target not found
Refreshing native plugins compatible for Editor in 0.48 ms, found 1 plugins.
Preloading 0 native plugins for Editor in 0.00 ms.
Invoked RoslynAnalysisRunner static constructor.
RoslynAnalysisRunner will not be running.
RoslynAnalysisRunner has terminated.
Mono: successfully reloaded assembly
- Completed reload, in  1.412 seconds
Platform modules already initialized, skipping
Refreshing native plugins compatible for Editor in 0.74 ms, found 1 plugins.
Preloading 0 native plugins for Editor in 0.00 ms.
Unloading 1806 Unused Serialized files (Serialized files now loaded: 0)
System memory in use before: 114.2 MB.
System memory in use after: 114.3 MB.

Unloading 8 unused Assets to reduce memory usage. Loaded Objects now: 2326.
Total: 2.206600 ms (FindLiveObjects: 0.203400 ms CreateObjectMapping: 0.069500 ms MarkObjects: 1.905600 ms  DeleteObjects: 0.026700 ms)

========================================================================
Received Prepare
Registering precompiled user dll's ...
Registered in 0.001589 seconds.
Begin MonoManager ReloadAssembly
Native extension for WindowsStandalone target not found
Refreshing native plugins compatible for Editor in 0.81 ms, found 1 plugins.
Preloading 0 native plugins for Editor in 0.00 ms.
Invoked RoslynAnalysisRunner static constructor.
RoslynAnalysisRunner will not be running.
RoslynAnalysisRunner has terminated.
Mono: successfully reloaded assembly
- Completed reload, in  1.935 seconds
Platform modules already initialized, skipping
Refreshing native plugins compatible for Editor in 0.71 ms, found 1 plugins.
Preloading 0 native plugins for Editor in 0.00 ms.
Unloading 1806 Unused Serialized files (Serialized files now loaded: 0)
System memory in use before: 114.2 MB.
System memory in use after: 114.3 MB.

Unloading 8 unused Assets to reduce memory usage. Loaded Objects now: 2329.
Total: 5.125300 ms (FindLiveObjects: 0.329600 ms CreateObjectMapping: 0.133400 ms MarkObjects: 4.629200 ms  DeleteObjects: 0.030100 ms)

========================================================================
Received Prepare
Registering precompiled user dll's ...
Registered in 0.001727 seconds.
Begin MonoManager ReloadAssembly
Native extension for WindowsStandalone target not found
Refreshing native plugins compatible for Editor in 0.76 ms, found 1 plugins.
Preloading 0 native plugins for Editor in 0.00 ms.
Invoked RoslynAnalysisRunner static constructor.
RoslynAnalysisRunner will not be running.
RoslynAnalysisRunner has terminated.
Mono: successfully reloaded assembly
- Completed reload, in  1.358 seconds
Platform modules already initialized, skipping
Refreshing native plugins compatible for Editor in 0.48 ms, found 1 plugins.
Preloading 0 native plugins for Editor in 0.00 ms.
Unloading 1806 Unused Serialized files (Serialized files now loaded: 0)
System memory in use before: 114.2 MB.
System memory in use after: 114.3 MB.

Unloading 8 unused Assets to reduce memory usage. Loaded Objects now: 2332.
Total: 2.300500 ms (FindLiveObjects: 0.197000 ms CreateObjectMapping: 0.068500 ms MarkObjects: 1.998200 ms  DeleteObjects: 0.034800 ms)

========================================================================
Received Prepare
Registering precompiled user dll's ...
Registered in 0.002349 seconds.
Begin MonoManager ReloadAssembly
Native extension for WindowsStandalone target not found
Refreshing native plugins compatible for Editor in 0.45 ms, found 1 plugins.
Preloading 0 native plugins for Editor in 0.00 ms.
Invoked RoslynAnalysisRunner static constructor.
RoslynAnalysisRunner will not be running.
RoslynAnalysisRunner has terminated.
Mono: successfully reloaded assembly
- Completed reload, in  1.335 seconds
Platform modules already initialized, skipping
Refreshing native plugins compatible for Editor in 0.48 ms, found 1 plugins.
Preloading 0 native plugins for Editor in 0.00 ms.
Unloading 1806 Unused Serialized files (Serialized files now loaded: 0)
System memory in use before: 114.2 MB.
System memory in use after: 114.3 MB.

Unloading 8 unused Assets to reduce memory usage. Loaded Objects now: 2335.
Total: 3.428200 ms (FindLiveObjects: 0.224800 ms CreateObjectMapping: 0.072800 ms MarkObjects: 3.106300 ms  DeleteObjects: 0.022500 ms)

========================================================================
Received Prepare
Registering precompiled user dll's ...
Registered in 0.002163 seconds.
Begin MonoManager ReloadAssembly
Native extension for WindowsStandalone target not found
Refreshing native plugins compatible for Editor in 0.45 ms, found 1 plugins.
Preloading 0 native plugins for Editor in 0.00 ms.
Invoked RoslynAnalysisRunner static constructor.
RoslynAnalysisRunner will not be running.
RoslynAnalysisRunner has terminated.
Mono: successfully reloaded assembly
- Completed reload, in  1.933 seconds
Platform modules already initialized, skipping
Refreshing native plugins compatible for Editor in 0.72 ms, found 1 plugins.
Preloading 0 native plugins for Editor in 0.00 ms.
Unloading 1806 Unused Serialized files (Serialized files now loaded: 0)
System memory in use before: 114.2 MB.
System memory in use after: 114.3 MB.

Unloading 8 unused Assets to reduce memory usage. Loaded Objects now: 2338.
Total: 3.609500 ms (FindLiveObjects: 1.104600 ms CreateObjectMapping: 0.246100 ms MarkObjects: 2.237200 ms  DeleteObjects: 0.019100 ms)

========================================================================
Received Import Request.
  Time since last request: 494.667413 seconds.
  path: Assets/Meshtint Free Chick Mega Toon Series/Animations/Rotate.controller
  artifactKey: Guid(843c219790a3bba4d8cae409573c8aaa) Importer(815301076,1909f56bfc062723c751e8b465ee728b)
Start importing Assets/Meshtint Free Chick Mega Toon Series/Animations/Rotate.controller using Guid(843c219790a3bba4d8cae409573c8aaa) Importer(815301076,1909f56bfc062723c751e8b465ee728b)  -> (artifact id: '140ee04b5f9a3913b749888701e16216') in 0.098036 seconds
  Import took 0.127362 seconds .

========================================================================
Received Import Request.
  Time since last request: 182.433802 seconds.
  path: Assets/Butterfly (Animated)/FBX/Take 002.anim
  artifactKey: Guid(1bc73a291cf8a9343b03258a5a32f42d) Importer(815301076,1909f56bfc062723c751e8b465ee728b)
Start importing Assets/Butterfly (Animated)/FBX/Take 002.anim using Guid(1bc73a291cf8a9343b03258a5a32f42d) Importer(815301076,1909f56bfc062723c751e8b465ee728b)  -> (artifact id: '9abb8b79152b9550e87d20d3ec681c4e') in 0.022016 seconds
  Import took 0.041748 seconds .

========================================================================
Received Import Request.
  Time since last request: 0.005595 seconds.
  path: Assets/Butterfly (Animated)/FBX/Take 002.anim
  artifactKey: Guid(1bc73a291cf8a9343b03258a5a32f42d) Importer(815301076,1909f56bfc062723c751e8b465ee728b)
Start importing Assets/Butterfly (Animated)/FBX/Take 002.anim using Guid(1bc73a291cf8a9343b03258a5a32f42d) Importer(815301076,1909f56bfc062723c751e8b465ee728b)  -> (artifact id: '9abb8b79152b9550e87d20d3ec681c4e') in 0.010750 seconds
  Import took 0.017621 seconds .

========================================================================
Received Prepare
Registering precompiled user dll's ...
Registered in 0.001838 seconds.
Begin MonoManager ReloadAssembly
Native extension for WindowsStandalone target not found
Refreshing native plugins compatible for Editor in 0.50 ms, found 1 plugins.
Preloading 0 native plugins for Editor in 0.00 ms.
Invoked RoslynAnalysisRunner static constructor.
RoslynAnalysisRunner will not be running.
RoslynAnalysisRunner has terminated.
Mono: successfully reloaded assembly
- Completed reload, in  1.203 seconds
Platform modules already initialized, skipping
Refreshing native plugins compatible for Editor in 0.51 ms, found 1 plugins.
Preloading 0 native plugins for Editor in 0.00 ms.
Unloading 1806 Unused Serialized files (Serialized files now loaded: 0)
System memory in use before: 114.3 MB.
System memory in use after: 114.4 MB.

Unloading 8 unused Assets to reduce memory usage. Loaded Objects now: 2341.
Total: 3.950300 ms (FindLiveObjects: 1.193700 ms CreateObjectMapping: 0.200300 ms MarkObjects: 2.527200 ms  DeleteObjects: 0.026800 ms)

========================================================================
Received Prepare
Registering precompiled user dll's ...
Registered in 0.001640 seconds.
Begin MonoManager ReloadAssembly
Native extension for WindowsStandalone target not found
Refreshing native plugins compatible for Editor in 0.51 ms, found 1 plugins.
Preloading 0 native plugins for Editor in 0.00 ms.
Invoked RoslynAnalysisRunner static constructor.
RoslynAnalysisRunner will not be running.
RoslynAnalysisRunner has terminated.
Mono: successfully reloaded assembly
- Completed reload, in  1.480 seconds
Platform modules already initialized, skipping
Refreshing native plugins compatible for Editor in 0.44 ms, found 1 plugins.
Preloading 0 native plugins for Editor in 0.00 ms.
Unloading 1806 Unused Serialized files (Serialized files now loaded: 0)
System memory in use before: 114.3 MB.
System memory in use after: 114.4 MB.

Unloading 8 unused Assets to reduce memory usage. Loaded Objects now: 2344.
Total: 2.923100 ms (FindLiveObjects: 0.439900 ms CreateObjectMapping: 0.206500 ms MarkObjects: 2.250200 ms  DeleteObjects: 0.023900 ms)

========================================================================
Received Prepare
Registering precompiled user dll's ...
Registered in 0.002874 seconds.
Begin MonoManager ReloadAssembly
Native extension for WindowsStandalone target not found
Refreshing native plugins compatible for Editor in 0.54 ms, found 1 plugins.
Preloading 0 native plugins for Editor in 0.00 ms.
Invoked RoslynAnalysisRunner static constructor.
RoslynAnalysisRunner will not be running.
RoslynAnalysisRunner has terminated.
Mono: successfully reloaded assembly
- Completed reload, in  1.806 seconds
Platform modules already initialized, skipping
Refreshing native plugins compatible for Editor in 0.57 ms, found 1 plugins.
Preloading 0 native plugins for Editor in 0.00 ms.
Unloading 1806 Unused Serialized files (Serialized files now loaded: 0)
System memory in use before: 114.3 MB.
System memory in use after: 114.4 MB.

Unloading 8 unused Assets to reduce memory usage. Loaded Objects now: 2347.
Total: 2.905800 ms (FindLiveObjects: 0.226200 ms CreateObjectMapping: 0.086800 ms MarkObjects: 2.569100 ms  DeleteObjects: 0.022200 ms)

========================================================================
Received Import Request.
  Time since last request: 1513.504314 seconds.
  path: Assets/amusedART/Fantasy Bee
  artifactKey: Guid(5687c1b18576a7e49afa2fb6f68bada0) Importer(815301076,1909f56bfc062723c751e8b465ee728b)
Start importing Assets/amusedART/Fantasy Bee using Guid(5687c1b18576a7e49afa2fb6f68bada0) Importer(815301076,1909f56bfc062723c751e8b465ee728b)  -> (artifact id: '9e54e9db23a11aedca8e94823ac2c1e9') in 0.013417 seconds
  Import took 0.019779 seconds .

========================================================================
Received Import Request.
  Time since last request: 0.000439 seconds.
  path: Assets/amusedART/Fantasy Bee
  artifactKey: Guid(5687c1b18576a7e49afa2fb6f68bada0) Importer(815301076,1909f56bfc062723c751e8b465ee728b)
Start importing Assets/amusedART/Fantasy Bee using Guid(5687c1b18576a7e49afa2fb6f68bada0) Importer(815301076,1909f56bfc062723c751e8b465ee728b)  -> (artifact id: '9e54e9db23a11aedca8e94823ac2c1e9') in 0.007149 seconds
  Import took 0.012228 seconds .

========================================================================
Received Import Request.
  Time since last request: 0.094005 seconds.
  path: Assets/amusedART/Fantasy Bee/FantasyBee.FBX
  artifactKey: Guid(4371e4ea3efaabd419cee1125d54c6e0) Importer(815301076,1909f56bfc062723c751e8b465ee728b)
Start importing Assets/amusedART/Fantasy Bee/FantasyBee.FBX using Guid(4371e4ea3efaabd419cee1125d54c6e0) Importer(815301076,1909f56bfc062723c751e8b465ee728b)  -> (artifact id: 'a41c2e12b9aa781a32e9609f641d307e') in 1.090335 seconds
  Import took 1.111267 seconds .

========================================================================
Received Import Request.
  Time since last request: 0.226576 seconds.
  path: Assets/amusedART/Fantasy Bee/Prefab
  artifactKey: Guid(3b0005b7d23b57e4b8d57543c85f212c) Importer(815301076,1909f56bfc062723c751e8b465ee728b)
Start importing Assets/amusedART/Fantasy Bee/Prefab using Guid(3b0005b7d23b57e4b8d57543c85f212c) Importer(815301076,1909f56bfc062723c751e8b465ee728b)  -> (artifact id: 'f0bbed90b7c3c9b6c875ca157d63a027') in 0.008471 seconds
  Import took 0.029257 seconds .

========================================================================
Received Import Request.
  Time since last request: 0.409700 seconds.
  path: Assets/amusedART/Fantasy Bee/Prefab/FantasyBee.prefab
  artifactKey: Guid(c717f817a496cf247a92b830b355a407) Importer(815301076,1909f56bfc062723c751e8b465ee728b)
Start importing Assets/amusedART/Fantasy Bee/Prefab/FantasyBee.prefab using Guid(c717f817a496cf247a92b830b355a407) Importer(815301076,1909f56bfc062723c751e8b465ee728b)  -> (artifact id: 'a6ceb2fbc99ccab79164583b30ccd3a4') in 0.431972 seconds
  Import took 0.505863 seconds .

========================================================================
Received Prepare
Registering precompiled user dll's ...
Registered in 0.002013 seconds.
Begin MonoManager ReloadAssembly
Native extension for WindowsStandalone target not found
Refreshing native plugins compatible for Editor in 0.45 ms, found 1 plugins.
Preloading 0 native plugins for Editor in 0.00 ms.
Invoked RoslynAnalysisRunner static constructor.
RoslynAnalysisRunner will not be running.
RoslynAnalysisRunner has terminated.
Mono: successfully reloaded assembly
- Completed reload, in  1.406 seconds
Platform modules already initialized, skipping
Refreshing native plugins compatible for Editor in 0.52 ms, found 1 plugins.
Preloading 0 native plugins for Editor in 0.00 ms.
Unloading 1806 Unused Serialized files (Serialized files now loaded: 0)
System memory in use before: 114.7 MB.
System memory in use after: 114.8 MB.

Unloading 8 unused Assets to reduce memory usage. Loaded Objects now: 2388.
Total: 2.888600 ms (FindLiveObjects: 0.320000 ms CreateObjectMapping: 0.154400 ms MarkObjects: 2.351000 ms  DeleteObjects: 0.060500 ms)

========================================================================
Received Import Request.
  Time since last request: 89.065459 seconds.
  path: Assets/Hand Painted Seamless Wood Texture/Textures
  artifactKey: Guid(bc30a6802bc4a7f44a2d0d2d8168d77d) Importer(815301076,1909f56bfc062723c751e8b465ee728b)
Start importing Assets/Hand Painted Seamless Wood Texture/Textures using Guid(bc30a6802bc4a7f44a2d0d2d8168d77d) Importer(815301076,1909f56bfc062723c751e8b465ee728b)  -> (artifact id: 'a034a65a92a556eff8c21d4d03f346f8') in 0.025963 seconds
  Import took 0.052828 seconds .

========================================================================
Received Import Request.
  Time since last request: 61.824976 seconds.
  path: Assets/cenario e ui
  artifactKey: Guid(70c8da4fcd90b194e96e1309a0a96232) Importer(815301076,1909f56bfc062723c751e8b465ee728b)
Start importing Assets/cenario e ui using Guid(70c8da4fcd90b194e96e1309a0a96232) Importer(815301076,1909f56bfc062723c751e8b465ee728b)  -> (artifact id: '83030390b7e07b925d74313285e7591c') in 0.009330 seconds
  Import took 0.097586 seconds .

========================================================================
Received Import Request.
  Time since last request: 41.816199 seconds.
  path: Assets/Assets
  artifactKey: Guid(70c8da4fcd90b194e96e1309a0a96232) Importer(815301076,1909f56bfc062723c751e8b465ee728b)
Start importing Assets/Assets using Guid(70c8da4fcd90b194e96e1309a0a96232) Importer(815301076,1909f56bfc062723c751e8b465ee728b)  -> (artifact id: '77ad0a8233919a850313261504a034c0') in 0.008344 seconds
  Import took 0.031611 seconds .

========================================================================
Received Import Request.
  Time since last request: 8.728921 seconds.
  path: Assets/CasualGameSounds
  artifactKey: Guid(4c115db2483566e42bc57b17283e2024) Importer(815301076,1909f56bfc062723c751e8b465ee728b)
Start importing Assets/CasualGameSounds using Guid(4c115db2483566e42bc57b17283e2024) Importer(815301076,1909f56bfc062723c751e8b465ee728b)  -> (artifact id: '6f4eda5f4cac6ac052a7c177959351ad') in 0.006259 seconds
  Import took 0.060655 seconds .

========================================================================
Received Import Request.
  Time since last request: 7.197913 seconds.
  path: Assets/Fantasy Wooden GUI  Free
  artifactKey: Guid(59973bd3f76ec94498d9b4b84aca0971) Importer(815301076,1909f56bfc062723c751e8b465ee728b)
Start importing Assets/Fantasy Wooden GUI  Free using Guid(59973bd3f76ec94498d9b4b84aca0971) Importer(815301076,1909f56bfc062723c751e8b465ee728b)  -> (artifact id: '501931cc01246da449637dded1ee4c81') in 0.007827 seconds
  Import took 0.103772 seconds .

========================================================================
Received Import Request.
  Time since last request: 14.988410 seconds.
  path: Assets/Free Asset - 2D Handcrafted Art
  artifactKey: Guid(cac0deefb1a5da643a35fb29c03d9266) Importer(815301076,1909f56bfc062723c751e8b465ee728b)
Start importing Assets/Free Asset - 2D Handcrafted Art using Guid(cac0deefb1a5da643a35fb29c03d9266) Importer(815301076,1909f56bfc062723c751e8b465ee728b)  -> (artifact id: '59800f3715e1ec7b7447047d33768dd3') in 0.005732 seconds
  Import took 0.065946 seconds .

========================================================================
Received Import Request.
  Time since last request: 4.834944 seconds.
  path: Assets/Meshtint Free Chick Mega Toon Series
  artifactKey: Guid(6833e513e89f2a34f9afee4fa7041a84) Importer(815301076,1909f56bfc062723c751e8b465ee728b)
Start importing Assets/Meshtint Free Chick Mega Toon Series using Guid(6833e513e89f2a34f9afee4fa7041a84) Importer(815301076,1909f56bfc062723c751e8b465ee728b)  -> (artifact id: '6435663d64f850faf60e310cd43a4586') in 0.024974 seconds
  Import took 0.033810 seconds .

========================================================================
Received Import Request.
  Time since last request: 65.577226 seconds.
  path: Assets/Assets/Meshtint Free Chicken Mega Toon Series
  artifactKey: Guid(1b582fbd8af613b4394c54501320e8cb) Importer(815301076,1909f56bfc062723c751e8b465ee728b)
Start importing Assets/Assets/Meshtint Free Chicken Mega Toon Series using Guid(1b582fbd8af613b4394c54501320e8cb) Importer(815301076,1909f56bfc062723c751e8b465ee728b)  -> (artifact id: '1e92e0daf7623b36d0966954dc4b6523') in 0.005631 seconds
  Import took 0.038529 seconds .

========================================================================
Received Import Request.
  Time since last request: 6.928846 seconds.
  path: Assets/Assets/Meshtint Free Chicken Mega Toon Series/Prefabs
  artifactKey: Guid(ffc67ce76c3eadc4790087f804e23bb0) Importer(815301076,1909f56bfc062723c751e8b465ee728b)
Start importing Assets/Assets/Meshtint Free Chicken Mega Toon Series/Prefabs using Guid(ffc67ce76c3eadc4790087f804e23bb0) Importer(815301076,1909f56bfc062723c751e8b465ee728b)  -> (artifact id: 'c31feaffe673fb6120c3f512629e45de') in 0.005627 seconds
  Import took 0.010124 seconds .

========================================================================
Received Import Request.
  Time since last request: 0.067994 seconds.
  path: Assets/Assets/Meshtint Free Chicken Mega Toon Series/Prefabs/Grass.prefab
  artifactKey: Guid(10fd3a2d8f546df4f8af19c411a0f42e) Importer(815301076,1909f56bfc062723c751e8b465ee728b)
Start importing Assets/Assets/Meshtint Free Chicken Mega Toon Series/Prefabs/Grass.prefab using Guid(10fd3a2d8f546df4f8af19c411a0f42e) Importer(815301076,1909f56bfc062723c751e8b465ee728b)  -> (artifact id: 'af2a8ab75105d95660896f21061547b7') in 0.155483 seconds
  Import took 0.184522 seconds .

========================================================================
Received Import Request.
  Time since last request: 0.000373 seconds.
  path: Assets/Assets/Meshtint Free Chicken Mega Toon Series/Prefabs/Toon Chicken.prefab
  artifactKey: Guid(312b31977ed9b2d48a14849ebb8c7fb3) Importer(815301076,1909f56bfc062723c751e8b465ee728b)
Start importing Assets/Assets/Meshtint Free Chicken Mega Toon Series/Prefabs/Toon Chicken.prefab using Guid(312b31977ed9b2d48a14849ebb8c7fb3) Importer(815301076,1909f56bfc062723c751e8b465ee728b)  -> (artifact id: '05b265c3bc7d8b21dc83f6a77b169bf4') in 0.051226 seconds
  Import took 0.057873 seconds .

========================================================================
Received Import Request.
  Time since last request: 0.000394 seconds.
  path: Assets/Assets/Meshtint Free Chicken Mega Toon Series/Prefabs/Ground.prefab
  artifactKey: Guid(02fd4f45795807c469e76f06078fe76f) Importer(815301076,1909f56bfc062723c751e8b465ee728b)
Start importing Assets/Assets/Meshtint Free Chicken Mega Toon Series/Prefabs/Ground.prefab using Guid(02fd4f45795807c469e76f06078fe76f) Importer(815301076,1909f56bfc062723c751e8b465ee728b)  -> (artifact id: 'ce6790ca60d050031012b15f54824dab') in 0.019932 seconds
  Import took 0.051686 seconds .

========================================================================
Received Import Request.
  Time since last request: 0.006115 seconds.
  path: Assets/Assets/Meshtint Free Chicken Mega Toon Series/Prefabs/Ground.prefab
  artifactKey: Guid(02fd4f45795807c469e76f06078fe76f) Importer(815301076,1909f56bfc062723c751e8b465ee728b)
Start importing Assets/Assets/Meshtint Free Chicken Mega Toon Series/Prefabs/Ground.prefab using Guid(02fd4f45795807c469e76f06078fe76f) Importer(815301076,1909f56bfc062723c751e8b465ee728b)  -> (artifact id: 'ce6790ca60d050031012b15f54824dab') in 0.020212 seconds
  Import took 0.028836 seconds .

========================================================================
Received Prepare
Registering precompiled user dll's ...
Registered in 0.002349 seconds.
Begin MonoManager ReloadAssembly
Native extension for WindowsStandalone target not found
Refreshing native plugins compatible for Editor in 0.74 ms, found 1 plugins.
Preloading 0 native plugins for Editor in 0.00 ms.
Invoked RoslynAnalysisRunner static constructor.
RoslynAnalysisRunner will not be running.
RoslynAnalysisRunner has terminated.
Mono: successfully reloaded assembly
- Completed reload, in  1.658 seconds
Platform modules already initialized, skipping
Refreshing native plugins compatible for Editor in 1.00 ms, found 1 plugins.
Preloading 0 native plugins for Editor in 0.00 ms.
Unloading 1806 Unused Serialized files (Serialized files now loaded: 0)
System memory in use before: 114.7 MB.
System memory in use after: 114.8 MB.

Unloading 8 unused Assets to reduce memory usage. Loaded Objects now: 2394.
Total: 2.644800 ms (FindLiveObjects: 0.216700 ms CreateObjectMapping: 0.094400 ms MarkObjects: 2.310800 ms  DeleteObjects: 0.020600 ms)

========================================================================
Received Prepare
Registering precompiled user dll's ...
Registered in 0.001914 seconds.
Begin MonoManager ReloadAssembly
Native extension for WindowsStandalone target not found
Refreshing native plugins compatible for Editor in 0.45 ms, found 1 plugins.
Preloading 0 native plugins for Editor in 0.00 ms.
Invoked RoslynAnalysisRunner static constructor.
RoslynAnalysisRunner will not be running.
RoslynAnalysisRunner has terminated.
Mono: successfully reloaded assembly
- Completed reload, in  1.562 seconds
Platform modules already initialized, skipping
Refreshing native plugins compatible for Editor in 0.76 ms, found 1 plugins.
Preloading 0 native plugins for Editor in 0.00 ms.
Unloading 1806 Unused Serialized files (Serialized files now loaded: 0)
System memory in use before: 114.7 MB.
System memory in use after: 114.8 MB.

Unloading 8 unused Assets to reduce memory usage. Loaded Objects now: 2397.
Total: 4.758900 ms (FindLiveObjects: 0.501100 ms CreateObjectMapping: 0.229600 ms MarkObjects: 3.994900 ms  DeleteObjects: 0.031100 ms)

========================================================================
Received Import Request.
  Time since last request: 272.633180 seconds.
  path: Assets/Assets/Meshtint Free Chicken Mega Toon Series/FBX/Toon Chicken.FBX
  artifactKey: Guid(d623cd35a78380d4eb0457c4e483abed) Importer(815301076,1909f56bfc062723c751e8b465ee728b)
Start importing Assets/Assets/Meshtint Free Chicken Mega Toon Series/FBX/Toon Chicken.FBX using Guid(d623cd35a78380d4eb0457c4e483abed) Importer(815301076,1909f56bfc062723c751e8b465ee728b)  -> (artifact id: '0b193930837af88cad9e4e37ffa5c26f') in 0.136947 seconds
  Import took 0.187539 seconds .

========================================================================
Received Import Request.
  Time since last request: 0.000381 seconds.
  path: Assets/Assets/Meshtint Free Chicken Mega Toon Series/FBX/Toon Chicken@Eat.FBX
  artifactKey: Guid(40880eeba3ef1d943b22f7b445e502d9) Importer(815301076,1909f56bfc062723c751e8b465ee728b)
Start importing Assets/Assets/Meshtint Free Chicken Mega Toon Series/FBX/Toon Chicken@Eat.FBX using Guid(40880eeba3ef1d943b22f7b445e502d9) Importer(815301076,1909f56bfc062723c751e8b465ee728b)  -> (artifact id: '98a022ab462b6c294342387961e51578') in 0.051059 seconds
  Import took 0.057413 seconds .

========================================================================
Received Import Request.
  Time since last request: 0.000353 seconds.
  path: Assets/Assets/Meshtint Free Chicken Mega Toon Series/FBX/Toon Chicken@Idle.FBX
  artifactKey: Guid(46d0b1354c1891d458a732548bb69bf6) Importer(815301076,1909f56bfc062723c751e8b465ee728b)
Start importing Assets/Assets/Meshtint Free Chicken Mega Toon Series/FBX/Toon Chicken@Idle.FBX using Guid(46d0b1354c1891d458a732548bb69bf6) Importer(815301076,1909f56bfc062723c751e8b465ee728b)  -> (artifact id: 'c4611e687e41221e5e2c6d3e2bd08d0a') in 0.049583 seconds
  Import took 0.054393 seconds .

========================================================================
Received Import Request.
  Time since last request: 0.000306 seconds.
  path: Assets/Assets/Meshtint Free Chicken Mega Toon Series/FBX/Toon Chicken@Walk W Root.FBX
  artifactKey: Guid(9daf622be675b864ca009e73347d95f3) Importer(815301076,1909f56bfc062723c751e8b465ee728b)
Start importing Assets/Assets/Meshtint Free Chicken Mega Toon Series/FBX/Toon Chicken@Walk W Root.FBX using Guid(9daf622be675b864ca009e73347d95f3) Importer(815301076,1909f56bfc062723c751e8b465ee728b)  -> (artifact id: '504eee6f675c469b029c3e17d7dd17b6') in 0.041788 seconds
  Import took 0.047855 seconds .

========================================================================
Received Import Request.
  Time since last request: 0.000404 seconds.
  path: Assets/Assets/Meshtint Free Chicken Mega Toon Series/FBX/Toon Chicken@Run W Root.FBX
  artifactKey: Guid(d279d6200c85ac140aa9c93ce39f4ad4) Importer(815301076,1909f56bfc062723c751e8b465ee728b)
Start importing Assets/Assets/Meshtint Free Chicken Mega Toon Series/FBX/Toon Chicken@Run W Root.FBX using Guid(d279d6200c85ac140aa9c93ce39f4ad4) Importer(815301076,1909f56bfc062723c751e8b465ee728b)  -> (artifact id: '7e4937b8946a5cfd14b8c4fd80f00d05') in 0.046189 seconds
  Import took 0.078201 seconds .

========================================================================
Received Import Request.
  Time since last request: 0.000329 seconds.
  path: Assets/Assets/Meshtint Free Chicken Mega Toon Series/FBX/Toon Chicken@Walk In Place.FBX
  artifactKey: Guid(01ad6942c5071ee4dbe84fa59bb44e44) Importer(815301076,1909f56bfc062723c751e8b465ee728b)
Start importing Assets/Assets/Meshtint Free Chicken Mega Toon Series/FBX/Toon Chicken@Walk In Place.FBX using Guid(01ad6942c5071ee4dbe84fa59bb44e44) Importer(815301076,1909f56bfc062723c751e8b465ee728b)  -> (artifact id: '24a1bb4c5be447c35eee302dc730e3f8') in 0.049495 seconds
  Import took 0.055121 seconds .

========================================================================
Received Import Request.
  Time since last request: 0.000320 seconds.
  path: Assets/Assets/Meshtint Free Chicken Mega Toon Series/FBX/Toon Chicken@Run In Place.FBX
  artifactKey: Guid(8655854fe0299a548b9c79b29ab40b8c) Importer(815301076,1909f56bfc062723c751e8b465ee728b)
Start importing Assets/Assets/Meshtint Free Chicken Mega Toon Series/FBX/Toon Chicken@Run In Place.FBX using Guid(8655854fe0299a548b9c79b29ab40b8c) Importer(815301076,1909f56bfc062723c751e8b465ee728b)  -> (artifact id: '415ca7c55a8ad804290858ab292901c1') in 0.045344 seconds
  Import took 0.050308 seconds .

========================================================================
Received Import Request.
  Time since last request: 0.000314 seconds.
  path: Assets/Assets/Meshtint Free Chicken Mega Toon Series/FBX/Toon Chicken@Turn Head.FBX
  artifactKey: Guid(863ab454f80da6f4e9a86cfebbb3a15d) Importer(815301076,1909f56bfc062723c751e8b465ee728b)
Start importing Assets/Assets/Meshtint Free Chicken Mega Toon Series/FBX/Toon Chicken@Turn Head.FBX using Guid(863ab454f80da6f4e9a86cfebbb3a15d) Importer(815301076,1909f56bfc062723c751e8b465ee728b)  -> (artifact id: 'c9aad0bf7ac53830a4414cb08fe2252b') in 0.045846 seconds
  Import took 0.063016 seconds .

========================================================================
Received Import Request.
  Time since last request: 0.000308 seconds.
  path: Assets/Assets/Meshtint Free Chicken Mega Toon Series/FBX/Toon Chicken@Run In Place.FBX
  artifactKey: Guid(8655854fe0299a548b9c79b29ab40b8c) Importer(815301076,1909f56bfc062723c751e8b465ee728b)
Start importing Assets/Assets/Meshtint Free Chicken Mega Toon Series/FBX/Toon Chicken@Run In Place.FBX using Guid(8655854fe0299a548b9c79b29ab40b8c) Importer(815301076,1909f56bfc062723c751e8b465ee728b)  -> (artifact id: '415ca7c55a8ad804290858ab292901c1') in 0.037708 seconds
  Import took 0.047461 seconds .

========================================================================
Received Prepare
Registering precompiled user dll's ...
Registered in 0.001661 seconds.
Begin MonoManager ReloadAssembly
Native extension for WindowsStandalone target not found
Refreshing native plugins compatible for Editor in 0.99 ms, found 1 plugins.
Preloading 0 native plugins for Editor in 0.00 ms.
Invoked RoslynAnalysisRunner static constructor.
RoslynAnalysisRunner will not be running.
RoslynAnalysisRunner has terminated.
Mono: successfully reloaded assembly
- Completed reload, in  1.353 seconds
Platform modules already initialized, skipping
Refreshing native plugins compatible for Editor in 0.51 ms, found 1 plugins.
Preloading 0 native plugins for Editor in 0.00 ms.
Unloading 1806 Unused Serialized files (Serialized files now loaded: 0)
System memory in use before: 114.8 MB.
System memory in use after: 114.9 MB.

Unloading 9 unused Assets to reduce memory usage. Loaded Objects now: 2401.
Total: 2.753600 ms (FindLiveObjects: 0.301400 ms CreateObjectMapping: 0.156100 ms MarkObjects: 2.266300 ms  DeleteObjects: 0.028600 ms)

========================================================================
Received Import Request.
  Time since last request: 64.935813 seconds.
  path: Assets/Scenes/Game.unity
  artifactKey: Guid(2cda990e2423bbf4892e6590ba056729) Importer(815301076,1909f56bfc062723c751e8b465ee728b)
Start importing Assets/Scenes/Game.unity using Guid(2cda990e2423bbf4892e6590ba056729) Importer(815301076,1909f56bfc062723c751e8b465ee728b)  -> (artifact id: '9f7ce771667986e3d14215841c6390a8') in 0.032323 seconds
  Import took 0.037216 seconds .

========================================================================
Received Prepare
Registering precompiled user dll's ...
Registered in 0.001613 seconds.
Begin MonoManager ReloadAssembly
Native extension for WindowsStandalone target not found
Refreshing native plugins compatible for Editor in 0.47 ms, found 1 plugins.
Preloading 0 native plugins for Editor in 0.00 ms.
Invoked RoslynAnalysisRunner static constructor.
RoslynAnalysisRunner will not be running.
RoslynAnalysisRunner has terminated.
Mono: successfully reloaded assembly
- Completed reload, in  1.371 seconds
Platform modules already initialized, skipping
Refreshing native plugins compatible for Editor in 0.51 ms, found 1 plugins.
Preloading 0 native plugins for Editor in 0.00 ms.
Unloading 1806 Unused Serialized files (Serialized files now loaded: 0)
System memory in use before: 114.8 MB.
System memory in use after: 114.9 MB.

Unloading 8 unused Assets to reduce memory usage. Loaded Objects now: 2404.
Total: 3.612800 ms (FindLiveObjects: 0.593200 ms CreateObjectMapping: 0.279300 ms MarkObjects: 2.710100 ms  DeleteObjects: 0.027200 ms)

========================================================================
Received Import Request.
  Time since last request: 45.697631 seconds.
  path: Assets/Scenes/scenario.prefab
  artifactKey: Guid(8d75d672da968da4bafa0eb8679daac6) Importer(815301076,1909f56bfc062723c751e8b465ee728b)
Start importing Assets/Scenes/scenario.prefab using Guid(8d75d672da968da4bafa0eb8679daac6) Importer(815301076,1909f56bfc062723c751e8b465ee728b)  -> (artifact id: '5c54af5a4c8407ac17df9b10fe2dd4c3') in 0.192543 seconds
  Import took 0.211036 seconds .

========================================================================
Received Import Request.
  Time since last request: 9.115900 seconds.
  path: Assets/Scenes/Fase2.unity
  artifactKey: Guid(81590309cda3d6b43ab4c5d5ff308fd7) Importer(815301076,1909f56bfc062723c751e8b465ee728b)
Start importing Assets/Scenes/Fase2.unity using Guid(81590309cda3d6b43ab4c5d5ff308fd7) Importer(815301076,1909f56bfc062723c751e8b465ee728b)  -> (artifact id: '50f322eca66707a4b2b2718872b35077') in 0.011651 seconds
  Import took 0.037191 seconds .

========================================================================
Received Import Request.
  Time since last request: 395.048783 seconds.
  path: Assets/Assets/Fantasy Wooden GUI  Free/normal_ui_set A/UI board Large Set.png
  artifactKey: Guid(90a2dde0942123c4ebb9c4af580c5818) Importer(815301076,1909f56bfc062723c751e8b465ee728b)
Start importing Assets/Assets/Fantasy Wooden GUI  Free/normal_ui_set A/UI board Large Set.png using Guid(90a2dde0942123c4ebb9c4af580c5818) Importer(815301076,1909f56bfc062723c751e8b465ee728b)  -> (artifact id: 'fcf5e3e1a8b585d22c8f8cb7636d8c00') in 0.672971 seconds
  Import took 0.726992 seconds .

========================================================================
Received Import Request.
  Time since last request: 0.000620 seconds.
  path: Assets/Assets/Fantasy Wooden GUI  Free/normal_ui_set A/UI board Small Set.png
  artifactKey: Guid(8eb69fafe4f719b49bb2dd1a7358aaaa) Importer(815301076,1909f56bfc062723c751e8b465ee728b)
Start importing Assets/Assets/Fantasy Wooden GUI  Free/normal_ui_set A/UI board Small Set.png using Guid(8eb69fafe4f719b49bb2dd1a7358aaaa) Importer(815301076,1909f56bfc062723c751e8b465ee728b)  -> (artifact id: 'd2d438de55656028aa620f0df4288cd1') in 0.041865 seconds
  Import took 0.101580 seconds .

========================================================================
Received Import Request.
  Time since last request: 0.000367 seconds.
  path: Assets/Assets/Fantasy Wooden GUI  Free/normal_ui_set A/UI board Large stone.png
  artifactKey: Guid(7066e0747291df44fa5c2bf93bee3a6e) Importer(815301076,1909f56bfc062723c751e8b465ee728b)
Start importing Assets/Assets/Fantasy Wooden GUI  Free/normal_ui_set A/UI board Large stone.png using Guid(7066e0747291df44fa5c2bf93bee3a6e) Importer(815301076,1909f56bfc062723c751e8b465ee728b)  -> (artifact id: 'bfe5908c1a48200be0b613d52106647e') in 0.061577 seconds
  Import took 0.067552 seconds .

========================================================================
Received Import Request.
  Time since last request: 0.000355 seconds.
  path: Assets/Assets/Fantasy Wooden GUI  Free/normal_ui_set A/UI board Medium Set.png
  artifactKey: Guid(1a5d8785d80a4ee42a2a4c8632436dc0) Importer(815301076,1909f56bfc062723c751e8b465ee728b)
Start importing Assets/Assets/Fantasy Wooden GUI  Free/normal_ui_set A/UI board Medium Set.png using Guid(1a5d8785d80a4ee42a2a4c8632436dc0) Importer(815301076,1909f56bfc062723c751e8b465ee728b)  -> (artifact id: '3777dbf3b9f511b620088b1474e95647') in 0.046458 seconds
  Import took 0.089593 seconds .

========================================================================
Received Import Request.
  Time since last request: 0.000320 seconds.
  path: Assets/Assets/Fantasy Wooden GUI  Free/normal_ui_set A/UI board Large stone.png
  artifactKey: Guid(7066e0747291df44fa5c2bf93bee3a6e) Importer(815301076,1909f56bfc062723c751e8b465ee728b)
Start importing Assets/Assets/Fantasy Wooden GUI  Free/normal_ui_set A/UI board Large stone.png using Guid(7066e0747291df44fa5c2bf93bee3a6e) Importer(815301076,1909f56bfc062723c751e8b465ee728b)  -> (artifact id: 'bfe5908c1a48200be0b613d52106647e') in 0.075433 seconds
  Import took 0.079562 seconds .

========================================================================
Received Import Request.
  Time since last request: 0.000330 seconds.
  path: Assets/Assets/Fantasy Wooden GUI  Free/normal_ui_set A/UI board Medium stone.png
  artifactKey: Guid(9a6560e5bacb40847bb1b879ede354fb) Importer(815301076,1909f56bfc062723c751e8b465ee728b)
Start importing Assets/Assets/Fantasy Wooden GUI  Free/normal_ui_set A/UI board Medium stone.png using Guid(9a6560e5bacb40847bb1b879ede354fb) Importer(815301076,1909f56bfc062723c751e8b465ee728b)  -> (artifact id: 'c39dd51b7c343d06968933bd25de18c0') in 0.042114 seconds
  Import took 0.067492 seconds .

========================================================================
Received Import Request.
  Time since last request: 199.427468 seconds.
  path: Assets/Scenes/Game.unity
  artifactKey: Guid(2cda990e2423bbf4892e6590ba056729) Importer(815301076,1909f56bfc062723c751e8b465ee728b)
Start importing Assets/Scenes/Game.unity using Guid(2cda990e2423bbf4892e6590ba056729) Importer(815301076,1909f56bfc062723c751e8b465ee728b)  -> (artifact id: '151e6d26d4a9aead925b540dd44ead61') in 0.006072 seconds
  Import took 0.033994 seconds .

========================================================================
Received Import Request.
  Time since last request: 85.188333 seconds.
  path: Assets/Scenes/Fase2.unity
  artifactKey: Guid(81590309cda3d6b43ab4c5d5ff308fd7) Importer(815301076,1909f56bfc062723c751e8b465ee728b)
Start importing Assets/Scenes/Fase2.unity using Guid(81590309cda3d6b43ab4c5d5ff308fd7) Importer(815301076,1909f56bfc062723c751e8b465ee728b)  -> (artifact id: '17dbdce7ac2bb3afb9c1b6f0b6b6f642') in 0.008740 seconds
  Import took 0.014430 seconds .

========================================================================
Received Import Request.
  Time since last request: 288.936123 seconds.
  path: Assets/Scenes/Game.unity
  artifactKey: Guid(2cda990e2423bbf4892e6590ba056729) Importer(815301076,1909f56bfc062723c751e8b465ee728b)
Start importing Assets/Scenes/Game.unity using Guid(2cda990e2423bbf4892e6590ba056729) Importer(815301076,1909f56bfc062723c751e8b465ee728b)  -> (artifact id: 'daf4ff91c8bf4ebcf985abfd7b088a57') in 0.008899 seconds
  Import took 0.062988 seconds .

========================================================================
Received Import Request.
  Time since last request: 25.639417 seconds.
  path: Assets/Scenes/Fase2.unity
  artifactKey: Guid(81590309cda3d6b43ab4c5d5ff308fd7) Importer(815301076,1909f56bfc062723c751e8b465ee728b)
Start importing Assets/Scenes/Fase2.unity using Guid(81590309cda3d6b43ab4c5d5ff308fd7) Importer(815301076,1909f56bfc062723c751e8b465ee728b)  -> (artifact id: '31c26ce16795e0465ea5ee2ff6cc80cb') in 0.004945 seconds
  Import took 0.063335 seconds .

========================================================================
Received Import Request.
  Time since last request: 37.482157 seconds.
  path: Assets/Scenes/Fase2.unity
  artifactKey: Guid(81590309cda3d6b43ab4c5d5ff308fd7) Importer(815301076,1909f56bfc062723c751e8b465ee728b)
Start importing Assets/Scenes/Fase2.unity using Guid(81590309cda3d6b43ab4c5d5ff308fd7) Importer(815301076,1909f56bfc062723c751e8b465ee728b)  -> (artifact id: 'fdefe7d7dbb151780df5128f4b9fe9f4') in 0.016434 seconds
  Import took 0.049497 seconds .

========================================================================
Received Import Request.
  Time since last request: 114.220287 seconds.
  path: Assets/Scenes/Fase2.unity
  artifactKey: Guid(81590309cda3d6b43ab4c5d5ff308fd7) Importer(815301076,1909f56bfc062723c751e8b465ee728b)
Start importing Assets/Scenes/Fase2.unity using Guid(81590309cda3d6b43ab4c5d5ff308fd7) Importer(815301076,1909f56bfc062723c751e8b465ee728b)  -> (artifact id: 'bc0fb7ae46675b6a4ddaa7bc1a0697ce') in 0.014954 seconds
  Import took 0.057343 seconds .

========================================================================
Received Import Request.
  Time since last request: 1.039399 seconds.
  path: Assets/Scenes/Game.unity
  artifactKey: Guid(2cda990e2423bbf4892e6590ba056729) Importer(815301076,1909f56bfc062723c751e8b465ee728b)
Start importing Assets/Scenes/Game.unity using Guid(2cda990e2423bbf4892e6590ba056729) Importer(815301076,1909f56bfc062723c751e8b465ee728b)  -> (artifact id: '7ad6f5e3c113462b023ffc27d4b9ec3c') in 0.008374 seconds
  Import took 0.036661 seconds .

========================================================================
Received Import Request.
  Time since last request: 379.755018 seconds.
  path: Assets/Scenes/Fase2.unity
  artifactKey: Guid(81590309cda3d6b43ab4c5d5ff308fd7) Importer(815301076,1909f56bfc062723c751e8b465ee728b)
Start importing Assets/Scenes/Fase2.unity using Guid(81590309cda3d6b43ab4c5d5ff308fd7) Importer(815301076,1909f56bfc062723c751e8b465ee728b)  -> (artifact id: '54ca3b103e4c6e19e88c495f027909f1') in 0.007115 seconds
  Import took 0.033506 seconds .

========================================================================
Received Import Request.
  Time since last request: 142.452655 seconds.
  path: Assets/Scenes/VirusScreen.prefab
  artifactKey: Guid(4c63191ecc5939a4ab59fd25255e7d20) Importer(815301076,1909f56bfc062723c751e8b465ee728b)
Start importing Assets/Scenes/VirusScreen.prefab using Guid(4c63191ecc5939a4ab59fd25255e7d20) Importer(815301076,1909f56bfc062723c751e8b465ee728b)  -> (artifact id: '4fdba798f7e5948fc1f8f17671d89de0') in 0.193118 seconds
  Import took 0.198504 seconds .

========================================================================
Received Import Request.
  Time since last request: 5.161019 seconds.
  path: Assets/Scenes/Fase2.unity
  artifactKey: Guid(81590309cda3d6b43ab4c5d5ff308fd7) Importer(815301076,1909f56bfc062723c751e8b465ee728b)
Start importing Assets/Scenes/Fase2.unity using Guid(81590309cda3d6b43ab4c5d5ff308fd7) Importer(815301076,1909f56bfc062723c751e8b465ee728b)  -> (artifact id: '5f9d268da286398a9ebfe6f13b14b6d1') in 0.005294 seconds
  Import took 0.228771 seconds .

========================================================================
Received Import Request.
  Time since last request: 386.698169 seconds.
  path: Assets/Scripts/Fase1/CardsInfo.cs
  artifactKey: Guid(2de0e3754a86bb44ba382e2cf39d9e38) Importer(815301076,1909f56bfc062723c751e8b465ee728b)
Start importing Assets/Scripts/Fase1/CardsInfo.cs using Guid(2de0e3754a86bb44ba382e2cf39d9e38) Importer(815301076,1909f56bfc062723c751e8b465ee728b)  -> (artifact id: '244cc722245f584678c139050e57d1ed') in 5.231845 seconds
  Import took 5.236655 seconds .

========================================================================
Received Prepare
Registering precompiled user dll's ...
Registered in 0.001766 seconds.
Begin MonoManager ReloadAssembly
Native extension for WindowsStandalone target not found
Refreshing native plugins compatible for Editor in 0.54 ms, found 1 plugins.
Preloading 0 native plugins for Editor in 0.00 ms.
Invoked RoslynAnalysisRunner static constructor.
RoslynAnalysisRunner will not be running.
RoslynAnalysisRunner has terminated.
Mono: successfully reloaded assembly
- Completed reload, in  1.574 seconds
Platform modules already initialized, skipping
Refreshing native plugins compatible for Editor in 1.12 ms, found 1 plugins.
Preloading 0 native plugins for Editor in 0.00 ms.
Unloading 1806 Unused Serialized files (Serialized files now loaded: 0)
System memory in use before: 115.2 MB.
System memory in use after: 115.3 MB.

Unloading 9 unused Assets to reduce memory usage. Loaded Objects now: 2415.
Total: 3.766600 ms (FindLiveObjects: 0.290100 ms CreateObjectMapping: 0.222500 ms MarkObjects: 3.217000 ms  DeleteObjects: 0.033500 ms)

========================================================================
Received Prepare
Registering precompiled user dll's ...
Registered in 0.004036 seconds.
Begin MonoManager ReloadAssembly
Native extension for WindowsStandalone target not found
Refreshing native plugins compatible for Editor in 0.46 ms, found 1 plugins.
Preloading 0 native plugins for Editor in 0.00 ms.
Invoked RoslynAnalysisRunner static constructor.
RoslynAnalysisRunner will not be running.
RoslynAnalysisRunner has terminated.
Mono: successfully reloaded assembly
- Completed reload, in  1.537 seconds
Platform modules already initialized, skipping
Refreshing native plugins compatible for Editor in 0.52 ms, found 1 plugins.
Preloading 0 native plugins for Editor in 0.00 ms.
Unloading 1806 Unused Serialized files (Serialized files now loaded: 0)
System memory in use before: 115.2 MB.
System memory in use after: 115.3 MB.

Unloading 8 unused Assets to reduce memory usage. Loaded Objects now: 2418.
Total: 6.829300 ms (FindLiveObjects: 0.655500 ms CreateObjectMapping: 0.245800 ms MarkObjects: 5.862900 ms  DeleteObjects: 0.061100 ms)

========================================================================
Received Import Request.
  Time since last request: 1962.696023 seconds.
  path: Assets/Scenes/Game.unity
  artifactKey: Guid(2cda990e2423bbf4892e6590ba056729) Importer(815301076,1909f56bfc062723c751e8b465ee728b)
Start importing Assets/Scenes/Game.unity using Guid(2cda990e2423bbf4892e6590ba056729) Importer(815301076,1909f56bfc062723c751e8b465ee728b)  -> (artifact id: '09d22ba5e11fd761c47683eed78494f5') in 0.031789 seconds
  Import took 0.036886 seconds .

========================================================================
Received Prepare
Registering precompiled user dll's ...
Registered in 0.014299 seconds.
Begin MonoManager ReloadAssembly
Native extension for WindowsStandalone target not found
Refreshing native plugins compatible for Editor in 0.45 ms, found 1 plugins.
Preloading 0 native plugins for Editor in 0.00 ms.
Invoked RoslynAnalysisRunner static constructor.
RoslynAnalysisRunner will not be running.
RoslynAnalysisRunner has terminated.
Mono: successfully reloaded assembly
- Completed reload, in  1.602 seconds
Platform modules already initialized, skipping
Refreshing native plugins compatible for Editor in 0.46 ms, found 1 plugins.
Preloading 0 native plugins for Editor in 0.00 ms.
Unloading 1806 Unused Serialized files (Serialized files now loaded: 0)
System memory in use before: 115.2 MB.
System memory in use after: 115.3 MB.

Unloading 8 unused Assets to reduce memory usage. Loaded Objects now: 2421.
Total: 4.045800 ms (FindLiveObjects: 0.373800 ms CreateObjectMapping: 0.161900 ms MarkObjects: 3.484400 ms  DeleteObjects: 0.023200 ms)

========================================================================
Received Import Request.
  Time since last request: 135.192870 seconds.
  path: Assets/Scenes/Fase2.unity
  artifactKey: Guid(81590309cda3d6b43ab4c5d5ff308fd7) Importer(815301076,1909f56bfc062723c751e8b465ee728b)
Start importing Assets/Scenes/Fase2.unity using Guid(81590309cda3d6b43ab4c5d5ff308fd7) Importer(815301076,1909f56bfc062723c751e8b465ee728b)  -> (artifact id: '6635eb0e611ee308d0bac7679bfd7a2e') in 0.026624 seconds
  Import took 0.074558 seconds .

========================================================================
Received Prepare
Registering precompiled user dll's ...
Registered in 0.010513 seconds.
Begin MonoManager ReloadAssembly
Native extension for WindowsStandalone target not found
Refreshing native plugins compatible for Editor in 0.75 ms, found 1 plugins.
Preloading 0 native plugins for Editor in 0.00 ms.
Invoked RoslynAnalysisRunner static constructor.
RoslynAnalysisRunner will not be running.
RoslynAnalysisRunner has terminated.
Mono: successfully reloaded assembly
- Completed reload, in  2.671 seconds
Platform modules already initialized, skipping
Refreshing native plugins compatible for Editor in 0.46 ms, found 1 plugins.
Preloading 0 native plugins for Editor in 0.00 ms.
Unloading 1806 Unused Serialized files (Serialized files now loaded: 0)
System memory in use before: 115.2 MB.
System memory in use after: 115.3 MB.

Unloading 8 unused Assets to reduce memory usage. Loaded Objects now: 2424.
Total: 4.260800 ms (FindLiveObjects: 0.305600 ms CreateObjectMapping: 0.137400 ms MarkObjects: 3.792000 ms  DeleteObjects: 0.023900 ms)

========================================================================
Received Prepare
Registering precompiled user dll's ...
Registered in 0.002736 seconds.
Begin MonoManager ReloadAssembly
Native extension for WindowsStandalone target not found
Refreshing native plugins compatible for Editor in 0.54 ms, found 1 plugins.
Preloading 0 native plugins for Editor in 0.00 ms.
Invoked RoslynAnalysisRunner static constructor.
RoslynAnalysisRunner will not be running.
RoslynAnalysisRunner has terminated.
Mono: successfully reloaded assembly
- Completed reload, in  3.555 seconds
Platform modules already initialized, skipping
Refreshing native plugins compatible for Editor in 0.70 ms, found 1 plugins.
Preloading 0 native plugins for Editor in 0.00 ms.
Unloading 1806 Unused Serialized files (Serialized files now loaded: 0)
System memory in use before: 115.2 MB.
System memory in use after: 115.3 MB.

Unloading 8 unused Assets to reduce memory usage. Loaded Objects now: 2427.
Total: 5.761600 ms (FindLiveObjects: 1.011000 ms CreateObjectMapping: 0.417900 ms MarkObjects: 4.302100 ms  DeleteObjects: 0.028400 ms)

========================================================================
Received Prepare
Registering precompiled user dll's ...
Registered in 0.001897 seconds.
Begin MonoManager ReloadAssembly
Native extension for WindowsStandalone target not found
Refreshing native plugins compatible for Editor in 0.57 ms, found 1 plugins.
Preloading 0 native plugins for Editor in 0.00 ms.
Invoked RoslynAnalysisRunner static constructor.
RoslynAnalysisRunner will not be running.
RoslynAnalysisRunner has terminated.
Mono: successfully reloaded assembly
- Completed reload, in  2.945 seconds
Platform modules already initialized, skipping
Refreshing native plugins compatible for Editor in 0.52 ms, found 1 plugins.
Preloading 0 native plugins for Editor in 0.00 ms.
Unloading 1806 Unused Serialized files (Serialized files now loaded: 0)
System memory in use before: 115.2 MB.
System memory in use after: 115.3 MB.

Unloading 8 unused Assets to reduce memory usage. Loaded Objects now: 2430.
Total: 3.040200 ms (FindLiveObjects: 0.440500 ms CreateObjectMapping: 0.156800 ms MarkObjects: 2.415300 ms  DeleteObjects: 0.025100 ms)

========================================================================
Received Prepare
Registering precompiled user dll's ...
Registered in 0.003372 seconds.
Begin MonoManager ReloadAssembly
Native extension for WindowsStandalone target not found
Refreshing native plugins compatible for Editor in 0.69 ms, found 1 plugins.
Preloading 0 native plugins for Editor in 0.00 ms.
Invoked RoslynAnalysisRunner static constructor.
RoslynAnalysisRunner will not be running.
RoslynAnalysisRunner has terminated.
Mono: successfully reloaded assembly
- Completed reload, in  1.901 seconds
Platform modules already initialized, skipping
Refreshing native plugins compatible for Editor in 0.61 ms, found 1 plugins.
Preloading 0 native plugins for Editor in 0.00 ms.
Unloading 1806 Unused Serialized files (Serialized files now loaded: 0)
System memory in use before: 115.2 MB.
System memory in use after: 115.3 MB.

Unloading 8 unused Assets to reduce memory usage. Loaded Objects now: 2433.
Total: 3.288100 ms (FindLiveObjects: 0.301500 ms CreateObjectMapping: 0.102500 ms MarkObjects: 2.835800 ms  DeleteObjects: 0.046000 ms)

========================================================================
Received Prepare
Registering precompiled user dll's ...
Registered in 0.008814 seconds.
Begin MonoManager ReloadAssembly
Native extension for WindowsStandalone target not found
Refreshing native plugins compatible for Editor in 0.74 ms, found 1 plugins.
Preloading 0 native plugins for Editor in 0.00 ms.
Invoked RoslynAnalysisRunner static constructor.
RoslynAnalysisRunner will not be running.
RoslynAnalysisRunner has terminated.
Mono: successfully reloaded assembly
- Completed reload, in  2.599 seconds
Platform modules already initialized, skipping
Refreshing native plugins compatible for Editor in 6.03 ms, found 1 plugins.
Preloading 0 native plugins for Editor in 0.00 ms.
Unloading 1806 Unused Serialized files (Serialized files now loaded: 0)
System memory in use before: 115.2 MB.
System memory in use after: 115.3 MB.

Unloading 8 unused Assets to reduce memory usage. Loaded Objects now: 2436.
Total: 4.257100 ms (FindLiveObjects: 0.399500 ms CreateObjectMapping: 0.155300 ms MarkObjects: 3.675100 ms  DeleteObjects: 0.024800 ms)

========================================================================
Received Prepare
Registering precompiled user dll's ...
Registered in 0.004672 seconds.
Begin MonoManager ReloadAssembly
Native extension for WindowsStandalone target not found
Refreshing native plugins compatible for Editor in 0.52 ms, found 1 plugins.
Preloading 0 native plugins for Editor in 0.00 ms.
Invoked RoslynAnalysisRunner static constructor.
RoslynAnalysisRunner will not be running.
RoslynAnalysisRunner has terminated.
Mono: successfully reloaded assembly
- Completed reload, in  2.195 seconds
Platform modules already initialized, skipping
Refreshing native plugins compatible for Editor in 0.72 ms, found 1 plugins.
Preloading 0 native plugins for Editor in 0.00 ms.
Unloading 1806 Unused Serialized files (Serialized files now loaded: 0)
System memory in use before: 115.2 MB.
System memory in use after: 115.4 MB.

Unloading 8 unused Assets to reduce memory usage. Loaded Objects now: 2439.
Total: 2.883200 ms (FindLiveObjects: 0.233400 ms CreateObjectMapping: 0.079600 ms MarkObjects: 2.546900 ms  DeleteObjects: 0.021800 ms)

========================================================================
Received Import Request.
  Time since last request: 625.059140 seconds.
  path: Assets/Scenes/Game.unity
  artifactKey: Guid(2cda990e2423bbf4892e6590ba056729) Importer(815301076,1909f56bfc062723c751e8b465ee728b)
Start importing Assets/Scenes/Game.unity using Guid(2cda990e2423bbf4892e6590ba056729) Importer(815301076,1909f56bfc062723c751e8b465ee728b)  -> (artifact id: '3fdc3ae4d5e8b5edb95c831af659c3ca') in 0.033565 seconds
  Import took 0.091960 seconds .

========================================================================
Received Import Request.
  Time since last request: 6.259354 seconds.
  path: Assets/Scenes/Fase2.unity
  artifactKey: Guid(81590309cda3d6b43ab4c5d5ff308fd7) Importer(815301076,1909f56bfc062723c751e8b465ee728b)
Start importing Assets/Scenes/Fase2.unity using Guid(81590309cda3d6b43ab4c5d5ff308fd7) Importer(815301076,1909f56bfc062723c751e8b465ee728b)  -> (artifact id: '45def5045f8bf5538b0e1008bc4177d9') in 0.008837 seconds
  Import took 0.061878 seconds .

========================================================================
Received Prepare
Registering precompiled user dll's ...
Registered in 0.002004 seconds.
Begin MonoManager ReloadAssembly
Native extension for WindowsStandalone target not found
Refreshing native plugins compatible for Editor in 0.56 ms, found 1 plugins.
Preloading 0 native plugins for Editor in 0.00 ms.
Invoked RoslynAnalysisRunner static constructor.
RoslynAnalysisRunner will not be running.
RoslynAnalysisRunner has terminated.
Mono: successfully reloaded assembly
- Completed reload, in  1.474 seconds
Platform modules already initialized, skipping
Refreshing native plugins compatible for Editor in 1.61 ms, found 1 plugins.
Preloading 0 native plugins for Editor in 0.00 ms.
Unloading 1806 Unused Serialized files (Serialized files now loaded: 0)
System memory in use before: 115.3 MB.
System memory in use after: 115.4 MB.

Unloading 8 unused Assets to reduce memory usage. Loaded Objects now: 2442.
Total: 2.793700 ms (FindLiveObjects: 0.249200 ms CreateObjectMapping: 0.083600 ms MarkObjects: 2.431000 ms  DeleteObjects: 0.027900 ms)

========================================================================
Received Prepare
Registering precompiled user dll's ...
Registered in 0.292808 seconds.
Begin MonoManager ReloadAssembly
Native extension for WindowsStandalone target not found
Refreshing native plugins compatible for Editor in 325.64 ms, found 1 plugins.
Preloading 0 native plugins for Editor in 0.00 ms.
Invoked RoslynAnalysisRunner static constructor.
RoslynAnalysisRunner will not be running.
RoslynAnalysisRunner has terminated.
Mono: successfully reloaded assembly
- Completed reload, in 66.499 seconds
Platform modules already initialized, skipping
Refreshing native plugins compatible for Editor in 0.85 ms, found 1 plugins.
Preloading 0 native plugins for Editor in 0.00 ms.
Unloading 1806 Unused Serialized files (Serialized files now loaded: 0)
System memory in use before: 115.3 MB.
System memory in use after: 115.4 MB.

Unloading 8 unused Assets to reduce memory usage. Loaded Objects now: 2445.
Total: 367.139100 ms (FindLiveObjects: 0.380800 ms CreateObjectMapping: 0.221300 ms MarkObjects: 366.415300 ms  DeleteObjects: 0.115400 ms)

========================================================================
Received Prepare
Registering precompiled user dll's ...
Registered in 0.002485 seconds.
Begin MonoManager ReloadAssembly
Native extension for WindowsStandalone target not found
Refreshing native plugins compatible for Editor in 0.58 ms, found 1 plugins.
Preloading 0 native plugins for Editor in 0.00 ms.
Invoked RoslynAnalysisRunner static constructor.
RoslynAnalysisRunner will not be running.
RoslynAnalysisRunner has terminated.
Mono: successfully reloaded assembly
- Completed reload, in  2.868 seconds
Platform modules already initialized, skipping
Refreshing native plugins compatible for Editor in 0.53 ms, found 1 plugins.
Preloading 0 native plugins for Editor in 0.00 ms.
Unloading 1806 Unused Serialized files (Serialized files now loaded: 0)
System memory in use before: 115.3 MB.
System memory in use after: 115.4 MB.

Unloading 8 unused Assets to reduce memory usage. Loaded Objects now: 2448.
Total: 3.652700 ms (FindLiveObjects: 0.651800 ms CreateObjectMapping: 0.125500 ms MarkObjects: 2.849700 ms  DeleteObjects: 0.023600 ms)

========================================================================
Received Prepare
Registering precompiled user dll's ...
Registered in 0.004181 seconds.
Begin MonoManager ReloadAssembly
Native extension for WindowsStandalone target not found
Refreshing native plugins compatible for Editor in 0.57 ms, found 1 plugins.
Preloading 0 native plugins for Editor in 0.00 ms.
Invoked RoslynAnalysisRunner static constructor.
RoslynAnalysisRunner will not be running.
RoslynAnalysisRunner has terminated.
Mono: successfully reloaded assembly
- Completed reload, in  2.261 seconds
Platform modules already initialized, skipping
Refreshing native plugins compatible for Editor in 0.77 ms, found 1 plugins.
Preloading 0 native plugins for Editor in 0.00 ms.
Unloading 1806 Unused Serialized files (Serialized files now loaded: 0)
System memory in use before: 115.3 MB.
System memory in use after: 115.4 MB.

Unloading 8 unused Assets to reduce memory usage. Loaded Objects now: 2451.
Total: 91.719800 ms (FindLiveObjects: 1.089700 ms CreateObjectMapping: 0.226400 ms MarkObjects: 90.352800 ms  DeleteObjects: 0.047700 ms)

========================================================================
Received Import Request.
  Time since last request: 11279.438047 seconds.
  path: Assets/Scenes/Game.unity
  artifactKey: Guid(2cda990e2423bbf4892e6590ba056729) Importer(815301076,1909f56bfc062723c751e8b465ee728b)
Start importing Assets/Scenes/Game.unity using Guid(2cda990e2423bbf4892e6590ba056729) Importer(815301076,1909f56bfc062723c751e8b465ee728b)  -> (artifact id: '0bea177414aaa7414737bc40b6530512') in 0.033344 seconds
  Import took 0.065128 seconds .

========================================================================
Received Prepare
Registering precompiled user dll's ...
Registered in 0.004995 seconds.
Begin MonoManager ReloadAssembly
Native extension for WindowsStandalone target not found
Refreshing native plugins compatible for Editor in 0.47 ms, found 1 plugins.
Preloading 0 native plugins for Editor in 0.00 ms.
Invoked RoslynAnalysisRunner static constructor.
RoslynAnalysisRunner will not be running.
RoslynAnalysisRunner has terminated.
Mono: successfully reloaded assembly
- Completed reload, in  2.030 seconds
Platform modules already initialized, skipping
Refreshing native plugins compatible for Editor in 0.45 ms, found 1 plugins.
Preloading 0 native plugins for Editor in 0.00 ms.
Unloading 1806 Unused Serialized files (Serialized files now loaded: 0)
System memory in use before: 115.3 MB.
System memory in use after: 115.4 MB.

Unloading 8 unused Assets to reduce memory usage. Loaded Objects now: 2454.
Total: 3.102200 ms (FindLiveObjects: 0.672500 ms CreateObjectMapping: 0.240300 ms MarkObjects: 2.161900 ms  DeleteObjects: 0.025600 ms)

========================================================================
Received Prepare
Registering precompiled user dll's ...
Registered in 0.001563 seconds.
Begin MonoManager ReloadAssembly
Native extension for WindowsStandalone target not found
Refreshing native plugins compatible for Editor in 0.48 ms, found 1 plugins.
Preloading 0 native plugins for Editor in 0.00 ms.
Invoked RoslynAnalysisRunner static constructor.
RoslynAnalysisRunner will not be running.
RoslynAnalysisRunner has terminated.
Mono: successfully reloaded assembly
- Completed reload, in  1.526 seconds
Platform modules already initialized, skipping
Refreshing native plugins compatible for Editor in 2.77 ms, found 1 plugins.
Preloading 0 native plugins for Editor in 0.00 ms.
Unloading 1806 Unused Serialized files (Serialized files now loaded: 0)
System memory in use before: 115.3 MB.
System memory in use after: 115.4 MB.

Unloading 8 unused Assets to reduce memory usage. Loaded Objects now: 2457.
Total: 9.041900 ms (FindLiveObjects: 4.700400 ms CreateObjectMapping: 0.207500 ms MarkObjects: 4.102000 ms  DeleteObjects: 0.029800 ms)

========================================================================
Received Prepare
Registering precompiled user dll's ...
Registered in 0.004620 seconds.
Begin MonoManager ReloadAssembly
Native extension for WindowsStandalone target not found
Refreshing native plugins compatible for Editor in 0.92 ms, found 1 plugins.
Preloading 0 native plugins for Editor in 0.00 ms.
Invoked RoslynAnalysisRunner static constructor.
RoslynAnalysisRunner will not be running.
RoslynAnalysisRunner has terminated.
Mono: successfully reloaded assembly
- Completed reload, in  2.215 seconds
Platform modules already initialized, skipping
Refreshing native plugins compatible for Editor in 1.59 ms, found 1 plugins.
Preloading 0 native plugins for Editor in 0.00 ms.
Unloading 1806 Unused Serialized files (Serialized files now loaded: 0)
System memory in use before: 115.3 MB.
System memory in use after: 115.4 MB.

Unloading 8 unused Assets to reduce memory usage. Loaded Objects now: 2460.
Total: 7.337700 ms (FindLiveObjects: 2.557600 ms CreateObjectMapping: 0.451600 ms MarkObjects: 4.247000 ms  DeleteObjects: 0.071700 ms)

========================================================================
Received Import Request.
  Time since last request: 171.660578 seconds.
  path: Assets/Scenes/Fase2.unity
  artifactKey: Guid(81590309cda3d6b43ab4c5d5ff308fd7) Importer(815301076,1909f56bfc062723c751e8b465ee728b)
Start importing Assets/Scenes/Fase2.unity using Guid(81590309cda3d6b43ab4c5d5ff308fd7) Importer(815301076,1909f56bfc062723c751e8b465ee728b)  -> (artifact id: '6a85f70140ebdfe453e3af1b8c1fb46a') in 0.023781 seconds
  Import took 0.083571 seconds .

========================================================================
Received Import Request.
  Time since last request: 24.438697 seconds.
  path: Assets/Scenes/Game.unity
  artifactKey: Guid(2cda990e2423bbf4892e6590ba056729) Importer(815301076,1909f56bfc062723c751e8b465ee728b)
Start importing Assets/Scenes/Game.unity using Guid(2cda990e2423bbf4892e6590ba056729) Importer(815301076,1909f56bfc062723c751e8b465ee728b)  -> (artifact id: '1a921229ada01cdbd5389b0253df4a31') in 0.011121 seconds
  Import took 0.035717 seconds .

========================================================================
Received Prepare
Registering precompiled user dll's ...
Registered in 0.002422 seconds.
Begin MonoManager ReloadAssembly
Native extension for WindowsStandalone target not found
Refreshing native plugins compatible for Editor in 1.02 ms, found 1 plugins.
Preloading 0 native plugins for Editor in 0.00 ms.
Invoked RoslynAnalysisRunner static constructor.
RoslynAnalysisRunner will not be running.
RoslynAnalysisRunner has terminated.
Mono: successfully reloaded assembly
- Completed reload, in  1.989 seconds
Platform modules already initialized, skipping
Refreshing native plugins compatible for Editor in 1.41 ms, found 1 plugins.
Preloading 0 native plugins for Editor in 0.00 ms.
Unloading 1806 Unused Serialized files (Serialized files now loaded: 0)
System memory in use before: 115.3 MB.
System memory in use after: 115.4 MB.

Unloading 8 unused Assets to reduce memory usage. Loaded Objects now: 2463.
Total: 3.661000 ms (FindLiveObjects: 0.483900 ms CreateObjectMapping: 0.196700 ms MarkObjects: 2.958900 ms  DeleteObjects: 0.019700 ms)

AssetImportWorkerClient::OnTransportError - code=2 error=End of file
