Using pre-set license
Built from '2020.3/staging' branch; Version is '2020.3.3f1 (76626098c1c4) revision 7758432'; Using compiler version '192528614'; Build Type 'Release'
OS: 'Windows 10 Pro; OS build 19042.928; Version 2009; 64bit' Language: 'pt' Physical Memory: 8111 MB
BatchMode: 1, IsHumanControllingUs: 0, StartBugReporterOnCrash: 0, Is64bit: 1, IsPro: 0

 COMMAND LINE ARGUMENTS:
C:\Program Files\Unity\Editor\Unity.exe
-adb2
-batchMode
-noUpm
-name
AssetImportWorker0
-projectPath
C:/Users/Carla/Documents/GitHub/Unity/jogomemoria c贸pia/memoria copia2
-logFile
Logs/AssetImportWorker0.log
-srvPort
63534
Successfully changed project path to: C:/Users/Carla/Documents/GitHub/Unity/jogomemoria c贸pia/memoria copia2
C:/Users/Carla/Documents/GitHub/Unity/jogomemoria c贸pia/memoria copia2
Using Asset Import Pipeline V2.
Refreshing native plugins compatible for Editor in 48.62 ms, found 1 plugins.
Preloading 0 native plugins for Editor in 0.00 ms.
Initialize engine version: 2020.3.3f1 (76626098c1c4)
[Subsystems] Discovering subsystems at path C:/Program Files/Unity/Editor/Data/Resources/UnitySubsystems
[Subsystems] Discovering subsystems at path C:/Users/Carla/Documents/GitHub/Unity/jogomemoria c贸pia/memoria copia2/Assets
GfxDevice: creating device client; threaded=0
Direct3D:
    Version:  Direct3D 11.0 [level 11.0]
    Renderer: NVIDIA GeForce 820M (ID=0x1140)
    Vendor:   
    VRAM:     1999 MB
    Driver:   21.21.13.7654
Initialize mono
Mono path[0] = 'C:/Program Files/Unity/Editor/Data/Managed'
Mono path[1] = 'C:/Program Files/Unity/Editor/Data/MonoBleedingEdge/lib/mono/unityjit'
Mono config path = 'C:/Program Files/Unity/Editor/Data/MonoBleedingEdge/etc'
Using monoOptions --debugger-agent=transport=dt_socket,embedding=1,server=y,suspend=n,address=127.0.0.1:56032
Begin MonoManager ReloadAssembly
Registering precompiled unity dll's ...
Register platform support module: C:/Program Files/Unity/Editor/Data/PlaybackEngines/WindowsStandaloneSupport/UnityEditor.WindowsStandalone.Extensions.dll
Registered in 0.005277 seconds.
Native extension for WindowsStandalone target not found
Refreshing native plugins compatible for Editor in 50.63 ms, found 1 plugins.
Preloading 0 native plugins for Editor in 0.00 ms.
Invoked RoslynAnalysisRunner static constructor.
RoslynAnalysisRunner will not be running.
RoslynAnalysisRunner has terminated.
Mono: successfully reloaded assembly
- Completed reload, in  1.854 seconds
Platform modules already initialized, skipping
Registering precompiled user dll's ...
Registered in 0.002436 seconds.
Begin MonoManager ReloadAssembly
Native extension for WindowsStandalone target not found
Refreshing native plugins compatible for Editor in 52.79 ms, found 1 plugins.
Preloading 0 native plugins for Editor in 0.00 ms.
Invoked RoslynAnalysisRunner static constructor.
RoslynAnalysisRunner will not be running.
RoslynAnalysisRunner has terminated.
Mono: successfully reloaded assembly
- Completed reload, in  1.352 seconds
Platform modules already initialized, skipping
========================================================================
Worker process is ready to serve import requests
Launched and connected shader compiler UnityShaderCompiler.exe after 0.22 seconds
Refreshing native plugins compatible for Editor in 0.39 ms, found 1 plugins.
Preloading 0 native plugins for Editor in 0.00 ms.
Unloading 1815 Unused Serialized files (Serialized files now loaded: 0)
System memory in use before: 84.9 MB.
System memory in use after: 85.0 MB.

Unloading 19 unused Assets to reduce memory usage. Loaded Objects now: 2264.
Total: 2.716600 ms (FindLiveObjects: 0.494000 ms CreateObjectMapping: 0.181700 ms MarkObjects: 1.904800 ms  DeleteObjects: 0.134300 ms)

========================================================================
Received Import Request.
  path: Assets/Resources/Sprites/Fase1/cadeado 1.png
  artifactKey: Guid(85869d77f5ebb3c40b94f092dcb173e7) Importer(815301076,1909f56bfc062723c751e8b465ee728b)
Start importing Assets/Resources/Sprites/Fase1/cadeado 1.png using Guid(85869d77f5ebb3c40b94f092dcb173e7) Importer(815301076,1909f56bfc062723c751e8b465ee728b)  -> (artifact id: 'ab7a7545b34d3bde438dbd4c92a9a018') in 0.411508 seconds
  Import took 0.439983 seconds .

========================================================================
Received Import Request.
  Time since last request: 0.000448 seconds.
  path: Assets/Resources/Sprites/Fase1/codigoDeBarras 1.png
  artifactKey: Guid(2d78546815f9578468490a684579c448) Importer(815301076,1909f56bfc062723c751e8b465ee728b)
Start importing Assets/Resources/Sprites/Fase1/codigoDeBarras 1.png using Guid(2d78546815f9578468490a684579c448) Importer(815301076,1909f56bfc062723c751e8b465ee728b)  -> (artifact id: '373bd9d6e371dd5a98e9627e50548ac6') in 0.024691 seconds
  Import took 0.054971 seconds .

========================================================================
Received Import Request.
  Time since last request: 0.000424 seconds.
  path: Assets/Resources/Sprites/Fase1/virus icon 1.png
  artifactKey: Guid(57925e21edf551140aba378a0cffc811) Importer(815301076,1909f56bfc062723c751e8b465ee728b)
Start importing Assets/Resources/Sprites/Fase1/virus icon 1.png using Guid(57925e21edf551140aba378a0cffc811) Importer(815301076,1909f56bfc062723c751e8b465ee728b)  -> (artifact id: '5c2961286edf71edb9f34006b53a7ec8') in 0.049384 seconds
  Import took 0.088841 seconds .

========================================================================
Received Import Request.
  Time since last request: 0.000644 seconds.
  path: Assets/Resources/Sprites/Fase1/qr 1.png
  artifactKey: Guid(cec0aa28b06d4a64d9fb761a012a7e99) Importer(815301076,1909f56bfc062723c751e8b465ee728b)
Start importing Assets/Resources/Sprites/Fase1/qr 1.png using Guid(cec0aa28b06d4a64d9fb761a012a7e99) Importer(815301076,1909f56bfc062723c751e8b465ee728b)  -> (artifact id: '23b42a11f47dd8c2bc0e48608ca90b84') in 0.023372 seconds
  Import took 0.062438 seconds .

========================================================================
Received Import Request.
  Time since last request: 0.000377 seconds.
  path: Assets/Resources/Sprites/Fase1/pix 1.png
  artifactKey: Guid(cd2ab790a3794264d89c01e09c6e875d) Importer(815301076,1909f56bfc062723c751e8b465ee728b)
Start importing Assets/Resources/Sprites/Fase1/pix 1.png using Guid(cd2ab790a3794264d89c01e09c6e875d) Importer(815301076,1909f56bfc062723c751e8b465ee728b)  -> (artifact id: '304309621fef195ec56baa70499aa98b') in 0.018442 seconds
  Import took 0.023552 seconds .

========================================================================
Received Import Request.
  Time since last request: 13.007624 seconds.
  path: Assets/Resources/Sprites/Fase1/cadeado.png
  artifactKey: Guid(2f307c39c3d07b4439dae520692cd213) Importer(815301076,1909f56bfc062723c751e8b465ee728b)
Start importing Assets/Resources/Sprites/Fase1/cadeado.png using Guid(2f307c39c3d07b4439dae520692cd213) Importer(815301076,1909f56bfc062723c751e8b465ee728b)  -> (artifact id: 'e2453922bb03385e72560d17b426bcb8') in 0.037932 seconds
  Import took 0.062698 seconds .

========================================================================
Received Import Request.
  Time since last request: 0.000345 seconds.
  path: Assets/Resources/Sprites/Fase1/pix.png
  artifactKey: Guid(5127f85e0b2acd44a8319dfba86f0471) Importer(815301076,1909f56bfc062723c751e8b465ee728b)
Start importing Assets/Resources/Sprites/Fase1/pix.png using Guid(5127f85e0b2acd44a8319dfba86f0471) Importer(815301076,1909f56bfc062723c751e8b465ee728b)  -> (artifact id: 'df65970dc6868afbd93b5910df8b9b08') in 0.039113 seconds
  Import took 0.065985 seconds .

========================================================================
Received Import Request.
  Time since last request: 0.000351 seconds.
  path: Assets/Resources/Sprites/Fase1/codigoDeBarras.png
  artifactKey: Guid(f3baa021c103bd843a60e1b75429556e) Importer(815301076,1909f56bfc062723c751e8b465ee728b)
Start importing Assets/Resources/Sprites/Fase1/codigoDeBarras.png using Guid(f3baa021c103bd843a60e1b75429556e) Importer(815301076,1909f56bfc062723c751e8b465ee728b)  -> (artifact id: 'f54669c1c1f07c41d642532ecdbaee17') in 0.034843 seconds
  Import took 0.053687 seconds .

========================================================================
Received Import Request.
  Time since last request: 0.000375 seconds.
  path: Assets/Resources/Sprites/Fase1/qr.png
  artifactKey: Guid(a35746deb57c2c048b0d3334cb133ae3) Importer(815301076,1909f56bfc062723c751e8b465ee728b)
Start importing Assets/Resources/Sprites/Fase1/qr.png using Guid(a35746deb57c2c048b0d3334cb133ae3) Importer(815301076,1909f56bfc062723c751e8b465ee728b)  -> (artifact id: 'bcb352d92fa0fef73e5a168ea4c29803') in 0.022830 seconds
  Import took 0.047516 seconds .

========================================================================
Received Import Request.
  Time since last request: 0.000336 seconds.
  path: Assets/Resources/Sprites/Fase1/virus icon.png
  artifactKey: Guid(4e3f142cf9671f94b97aadf2f81e3f01) Importer(815301076,1909f56bfc062723c751e8b465ee728b)
Start importing Assets/Resources/Sprites/Fase1/virus icon.png using Guid(4e3f142cf9671f94b97aadf2f81e3f01) Importer(815301076,1909f56bfc062723c751e8b465ee728b)  -> (artifact id: '7af9c33a60619cf42be225c8d86170f3') in 0.019846 seconds
  Import took 0.029390 seconds .

========================================================================
Received Import Request.
  Time since last request: 9.102598 seconds.
  path: Assets/Resources/Sprites/background.png
  artifactKey: Guid(546253cd4384f9a4a86216fe2e5710c7) Importer(815301076,1909f56bfc062723c751e8b465ee728b)
Start importing Assets/Resources/Sprites/background.png using Guid(546253cd4384f9a4a86216fe2e5710c7) Importer(815301076,1909f56bfc062723c751e8b465ee728b)  -> (artifact id: 'dcfee2416698a88d56c28dc640633058') in 0.024119 seconds
  Import took 0.047521 seconds .

========================================================================
Received Prepare
Registering precompiled user dll's ...
Registered in 0.001656 seconds.
Begin MonoManager ReloadAssembly
Native extension for WindowsStandalone target not found
Refreshing native plugins compatible for Editor in 0.65 ms, found 1 plugins.
Preloading 0 native plugins for Editor in 0.00 ms.
Invoked RoslynAnalysisRunner static constructor.
RoslynAnalysisRunner will not be running.
RoslynAnalysisRunner has terminated.
Mono: successfully reloaded assembly
- Completed reload, in  1.391 seconds
Platform modules already initialized, skipping
Refreshing native plugins compatible for Editor in 0.67 ms, found 1 plugins.
Preloading 0 native plugins for Editor in 0.00 ms.
Unloading 1806 Unused Serialized files (Serialized files now loaded: 0)
System memory in use before: 87.6 MB.
System memory in use after: 87.7 MB.

Unloading 8 unused Assets to reduce memory usage. Loaded Objects now: 2273.
Total: 2.098800 ms (FindLiveObjects: 0.208300 ms CreateObjectMapping: 0.070200 ms MarkObjects: 1.793900 ms  DeleteObjects: 0.024800 ms)

========================================================================
Received Prepare
Registering precompiled user dll's ...
Registered in 0.001885 seconds.
Begin MonoManager ReloadAssembly
Native extension for WindowsStandalone target not found
Refreshing native plugins compatible for Editor in 0.46 ms, found 1 plugins.
Preloading 0 native plugins for Editor in 0.00 ms.
Invoked RoslynAnalysisRunner static constructor.
RoslynAnalysisRunner will not be running.
RoslynAnalysisRunner has terminated.
Mono: successfully reloaded assembly
- Completed reload, in  1.411 seconds
Platform modules already initialized, skipping
Refreshing native plugins compatible for Editor in 0.64 ms, found 1 plugins.
Preloading 0 native plugins for Editor in 0.00 ms.
Unloading 1806 Unused Serialized files (Serialized files now loaded: 0)
System memory in use before: 87.6 MB.
System memory in use after: 87.7 MB.

Unloading 8 unused Assets to reduce memory usage. Loaded Objects now: 2276.
Total: 2.480100 ms (FindLiveObjects: 0.529200 ms CreateObjectMapping: 0.187400 ms MarkObjects: 1.735300 ms  DeleteObjects: 0.026500 ms)

========================================================================
Received Prepare
Registering precompiled user dll's ...
Registered in 0.001805 seconds.
Begin MonoManager ReloadAssembly
Native extension for WindowsStandalone target not found
Refreshing native plugins compatible for Editor in 0.42 ms, found 1 plugins.
Preloading 0 native plugins for Editor in 0.00 ms.
Invoked RoslynAnalysisRunner static constructor.
RoslynAnalysisRunner will not be running.
RoslynAnalysisRunner has terminated.
Mono: successfully reloaded assembly
- Completed reload, in  1.416 seconds
Platform modules already initialized, skipping
Refreshing native plugins compatible for Editor in 0.68 ms, found 1 plugins.
Preloading 0 native plugins for Editor in 0.00 ms.
Unloading 1806 Unused Serialized files (Serialized files now loaded: 0)
System memory in use before: 87.7 MB.
System memory in use after: 87.8 MB.

Unloading 8 unused Assets to reduce memory usage. Loaded Objects now: 2279.
Total: 2.643400 ms (FindLiveObjects: 0.308000 ms CreateObjectMapping: 0.246400 ms MarkObjects: 2.064800 ms  DeleteObjects: 0.021300 ms)

========================================================================
Received Prepare
Registering precompiled user dll's ...
Registered in 0.001550 seconds.
Begin MonoManager ReloadAssembly
Native extension for WindowsStandalone target not found
Refreshing native plugins compatible for Editor in 0.45 ms, found 1 plugins.
Preloading 0 native plugins for Editor in 0.00 ms.
Invoked RoslynAnalysisRunner static constructor.
RoslynAnalysisRunner will not be running.
RoslynAnalysisRunner has terminated.
Mono: successfully reloaded assembly
- Completed reload, in  1.202 seconds
Platform modules already initialized, skipping
Refreshing native plugins compatible for Editor in 0.41 ms, found 1 plugins.
Preloading 0 native plugins for Editor in 0.00 ms.
Unloading 1806 Unused Serialized files (Serialized files now loaded: 0)
System memory in use before: 87.7 MB.
System memory in use after: 87.8 MB.

Unloading 8 unused Assets to reduce memory usage. Loaded Objects now: 2282.
Total: 2.480000 ms (FindLiveObjects: 0.270100 ms CreateObjectMapping: 0.145000 ms MarkObjects: 2.036700 ms  DeleteObjects: 0.027000 ms)

========================================================================
Received Prepare
Registering precompiled user dll's ...
Registered in 0.001574 seconds.
Begin MonoManager ReloadAssembly
Native extension for WindowsStandalone target not found
Refreshing native plugins compatible for Editor in 0.54 ms, found 1 plugins.
Preloading 0 native plugins for Editor in 0.00 ms.
Invoked RoslynAnalysisRunner static constructor.
RoslynAnalysisRunner will not be running.
RoslynAnalysisRunner has terminated.
Mono: successfully reloaded assembly
- Completed reload, in  1.380 seconds
Platform modules already initialized, skipping
Refreshing native plugins compatible for Editor in 0.42 ms, found 1 plugins.
Preloading 0 native plugins for Editor in 0.00 ms.
Unloading 1806 Unused Serialized files (Serialized files now loaded: 0)
System memory in use before: 87.7 MB.
System memory in use after: 87.8 MB.

Unloading 8 unused Assets to reduce memory usage. Loaded Objects now: 2285.
Total: 3.025500 ms (FindLiveObjects: 0.347800 ms CreateObjectMapping: 0.074100 ms MarkObjects: 2.575300 ms  DeleteObjects: 0.026400 ms)

========================================================================
Received Prepare
Registering precompiled user dll's ...
Registered in 0.002590 seconds.
Begin MonoManager ReloadAssembly
Native extension for WindowsStandalone target not found
Refreshing native plugins compatible for Editor in 0.46 ms, found 1 plugins.
Preloading 0 native plugins for Editor in 0.00 ms.
Invoked RoslynAnalysisRunner static constructor.
RoslynAnalysisRunner will not be running.
RoslynAnalysisRunner has terminated.
Mono: successfully reloaded assembly
- Completed reload, in  1.824 seconds
Platform modules already initialized, skipping
Refreshing native plugins compatible for Editor in 0.69 ms, found 1 plugins.
Preloading 0 native plugins for Editor in 0.00 ms.
Unloading 1806 Unused Serialized files (Serialized files now loaded: 0)
System memory in use before: 87.7 MB.
System memory in use after: 87.8 MB.

Unloading 8 unused Assets to reduce memory usage. Loaded Objects now: 2288.
Total: 5.082600 ms (FindLiveObjects: 0.387900 ms CreateObjectMapping: 0.080000 ms MarkObjects: 4.587400 ms  DeleteObjects: 0.025400 ms)

========================================================================
Received Prepare
Registering precompiled user dll's ...
Registered in 0.001508 seconds.
Begin MonoManager ReloadAssembly
Native extension for WindowsStandalone target not found
Refreshing native plugins compatible for Editor in 0.46 ms, found 1 plugins.
Preloading 0 native plugins for Editor in 0.00 ms.
Invoked RoslynAnalysisRunner static constructor.
RoslynAnalysisRunner will not be running.
RoslynAnalysisRunner has terminated.
Mono: successfully reloaded assembly
- Completed reload, in  1.312 seconds
Platform modules already initialized, skipping
Refreshing native plugins compatible for Editor in 0.63 ms, found 1 plugins.
Preloading 0 native plugins for Editor in 0.00 ms.
Unloading 1806 Unused Serialized files (Serialized files now loaded: 0)
System memory in use before: 87.7 MB.
System memory in use after: 87.8 MB.

Unloading 8 unused Assets to reduce memory usage. Loaded Objects now: 2291.
Total: 1.966400 ms (FindLiveObjects: 0.189500 ms CreateObjectMapping: 0.067500 ms MarkObjects: 1.688500 ms  DeleteObjects: 0.019600 ms)

========================================================================
Received Prepare
Registering precompiled user dll's ...
Registered in 0.001995 seconds.
Begin MonoManager ReloadAssembly
Native extension for WindowsStandalone target not found
Refreshing native plugins compatible for Editor in 0.40 ms, found 1 plugins.
Preloading 0 native plugins for Editor in 0.00 ms.
Invoked RoslynAnalysisRunner static constructor.
RoslynAnalysisRunner will not be running.
RoslynAnalysisRunner has terminated.
Mono: successfully reloaded assembly
- Completed reload, in  1.516 seconds
Platform modules already initialized, skipping
Refreshing native plugins compatible for Editor in 0.71 ms, found 1 plugins.
Preloading 0 native plugins for Editor in 0.00 ms.
Unloading 1806 Unused Serialized files (Serialized files now loaded: 0)
System memory in use before: 87.7 MB.
System memory in use after: 87.8 MB.

Unloading 8 unused Assets to reduce memory usage. Loaded Objects now: 2294.
Total: 2.270600 ms (FindLiveObjects: 0.204300 ms CreateObjectMapping: 0.070900 ms MarkObjects: 1.964000 ms  DeleteObjects: 0.028700 ms)

========================================================================
Received Prepare
Registering precompiled user dll's ...
Registered in 0.002218 seconds.
Begin MonoManager ReloadAssembly
Native extension for WindowsStandalone target not found
Refreshing native plugins compatible for Editor in 0.41 ms, found 1 plugins.
Preloading 0 native plugins for Editor in 0.00 ms.
Invoked RoslynAnalysisRunner static constructor.
RoslynAnalysisRunner will not be running.
RoslynAnalysisRunner has terminated.
Mono: successfully reloaded assembly
- Completed reload, in  1.416 seconds
Platform modules already initialized, skipping
Refreshing native plugins compatible for Editor in 0.63 ms, found 1 plugins.
Preloading 0 native plugins for Editor in 0.00 ms.
Unloading 1806 Unused Serialized files (Serialized files now loaded: 0)
System memory in use before: 87.7 MB.
System memory in use after: 87.8 MB.

Unloading 8 unused Assets to reduce memory usage. Loaded Objects now: 2297.
Total: 4.041500 ms (FindLiveObjects: 0.414600 ms CreateObjectMapping: 0.144900 ms MarkObjects: 3.451700 ms  DeleteObjects: 0.027900 ms)

========================================================================
Received Prepare
Registering precompiled user dll's ...
Registered in 0.001882 seconds.
Begin MonoManager ReloadAssembly
Native extension for WindowsStandalone target not found
Refreshing native plugins compatible for Editor in 0.41 ms, found 1 plugins.
Preloading 0 native plugins for Editor in 0.00 ms.
Invoked RoslynAnalysisRunner static constructor.
RoslynAnalysisRunner will not be running.
RoslynAnalysisRunner has terminated.
Mono: successfully reloaded assembly
- Completed reload, in  1.243 seconds
Platform modules already initialized, skipping
Refreshing native plugins compatible for Editor in 0.72 ms, found 1 plugins.
Preloading 0 native plugins for Editor in 0.00 ms.
Unloading 1806 Unused Serialized files (Serialized files now loaded: 0)
System memory in use before: 87.7 MB.
System memory in use after: 87.8 MB.

Unloading 8 unused Assets to reduce memory usage. Loaded Objects now: 2300.
Total: 2.526300 ms (FindLiveObjects: 0.223700 ms CreateObjectMapping: 0.105700 ms MarkObjects: 2.166400 ms  DeleteObjects: 0.029100 ms)

========================================================================
Received Prepare
Registering precompiled user dll's ...
Registered in 0.046563 seconds.
Begin MonoManager ReloadAssembly
Native extension for WindowsStandalone target not found
Refreshing native plugins compatible for Editor in 0.59 ms, found 1 plugins.
Preloading 0 native plugins for Editor in 0.00 ms.
Invoked RoslynAnalysisRunner static constructor.
RoslynAnalysisRunner will not be running.
RoslynAnalysisRunner has terminated.
Mono: successfully reloaded assembly
- Completed reload, in  2.137 seconds
Platform modules already initialized, skipping
Refreshing native plugins compatible for Editor in 0.39 ms, found 1 plugins.
Preloading 0 native plugins for Editor in 0.00 ms.
Unloading 1806 Unused Serialized files (Serialized files now loaded: 0)
System memory in use before: 87.7 MB.
System memory in use after: 87.8 MB.

Unloading 8 unused Assets to reduce memory usage. Loaded Objects now: 2303.
Total: 2.894800 ms (FindLiveObjects: 0.260300 ms CreateObjectMapping: 0.080200 ms MarkObjects: 2.526500 ms  DeleteObjects: 0.026100 ms)

========================================================================
Received Import Request.
  Time since last request: 4321.909172 seconds.
  path: Assets/Resources/Sprites/Fase2/alerta.png
  artifactKey: Guid(9b0d1ea3bab478c499d9813c952fe13e) Importer(815301076,1909f56bfc062723c751e8b465ee728b)
Start importing Assets/Resources/Sprites/Fase2/alerta.png using Guid(9b0d1ea3bab478c499d9813c952fe13e) Importer(815301076,1909f56bfc062723c751e8b465ee728b)  -> (artifact id: '78ff05fde0e4fa3b1dc2eaf6d8f62004') in 0.138474 seconds
  Import took 0.170308 seconds .

========================================================================
Received Import Request.
  Time since last request: 0.000348 seconds.
  path: Assets/Resources/Sprites/Fase2/wifi.png
  artifactKey: Guid(ab5c6f60f01ed29498421276c70bdbf0) Importer(815301076,1909f56bfc062723c751e8b465ee728b)
Start importing Assets/Resources/Sprites/Fase2/wifi.png using Guid(ab5c6f60f01ed29498421276c70bdbf0) Importer(815301076,1909f56bfc062723c751e8b465ee728b)  -> (artifact id: 'd6daa6bbc63669c2e08c36ab23970d97') in 0.016974 seconds
  Import took 0.025097 seconds .

========================================================================
Received Import Request.
  Time since last request: 0.000338 seconds.
  path: Assets/Resources/Sprites/Fase2/bluetooth.png
  artifactKey: Guid(8461951cc33c82544ba829bd0252b929) Importer(815301076,1909f56bfc062723c751e8b465ee728b)
Start importing Assets/Resources/Sprites/Fase2/bluetooth.png using Guid(8461951cc33c82544ba829bd0252b929) Importer(815301076,1909f56bfc062723c751e8b465ee728b)  -> (artifact id: 'c43a3e9363213e7e1983336e3468d5c2') in 0.012377 seconds
  Import took 0.015641 seconds .

========================================================================
Received Import Request.
  Time since last request: 0.000344 seconds.
  path: Assets/Resources/Sprites/Fase2/lixo.png
  artifactKey: Guid(b4ab0aed63649b74cb43337f3dcf0903) Importer(815301076,1909f56bfc062723c751e8b465ee728b)
Start importing Assets/Resources/Sprites/Fase2/lixo.png using Guid(b4ab0aed63649b74cb43337f3dcf0903) Importer(815301076,1909f56bfc062723c751e8b465ee728b)  -> (artifact id: '34db5f9db5d4a6440f0a68cedf624057') in 0.012413 seconds
  Import took 0.016259 seconds .

========================================================================
Received Import Request.
  Time since last request: 6.975218 seconds.
  path: Assets/Resources/Sprites/Fase2/virus icon.png
  artifactKey: Guid(bd2f12e5e9299774f9a8f6e9a506ae55) Importer(815301076,1909f56bfc062723c751e8b465ee728b)
Start importing Assets/Resources/Sprites/Fase2/virus icon.png using Guid(bd2f12e5e9299774f9a8f6e9a506ae55) Importer(815301076,1909f56bfc062723c751e8b465ee728b)  -> (artifact id: '7e8cb78e0944888adbbdacb2583e5da9') in 0.026175 seconds
  Import took 0.047010 seconds .

========================================================================
Received Prepare
Registering precompiled user dll's ...
Registered in 0.001630 seconds.
Begin MonoManager ReloadAssembly
Native extension for WindowsStandalone target not found
Refreshing native plugins compatible for Editor in 0.43 ms, found 1 plugins.
Preloading 0 native plugins for Editor in 0.00 ms.
Invoked RoslynAnalysisRunner static constructor.
RoslynAnalysisRunner will not be running.
RoslynAnalysisRunner has terminated.
Mono: successfully reloaded assembly
- Completed reload, in  1.387 seconds
Platform modules already initialized, skipping
Refreshing native plugins compatible for Editor in 0.67 ms, found 1 plugins.
Preloading 0 native plugins for Editor in 0.00 ms.
Unloading 1806 Unused Serialized files (Serialized files now loaded: 0)
System memory in use before: 87.8 MB.
System memory in use after: 87.9 MB.

Unloading 8 unused Assets to reduce memory usage. Loaded Objects now: 2307.
Total: 4.666000 ms (FindLiveObjects: 0.679400 ms CreateObjectMapping: 0.282500 ms MarkObjects: 3.672800 ms  DeleteObjects: 0.028400 ms)

========================================================================
Received Import Request.
  Time since last request: 183.958600 seconds.
  path: Assets/Scenes/Game.unity
  artifactKey: Guid(2cda990e2423bbf4892e6590ba056729) Importer(815301076,1909f56bfc062723c751e8b465ee728b)
Start importing Assets/Scenes/Game.unity using Guid(2cda990e2423bbf4892e6590ba056729) Importer(815301076,1909f56bfc062723c751e8b465ee728b)  -> (artifact id: '6fffb71fd2a08d3839a2655a1d14ea17') in 0.019314 seconds
  Import took 0.052848 seconds .

========================================================================
Received Prepare
Registering precompiled user dll's ...
Registered in 0.001647 seconds.
Begin MonoManager ReloadAssembly
Native extension for WindowsStandalone target not found
Refreshing native plugins compatible for Editor in 0.55 ms, found 1 plugins.
Preloading 0 native plugins for Editor in 0.00 ms.
Invoked RoslynAnalysisRunner static constructor.
RoslynAnalysisRunner will not be running.
RoslynAnalysisRunner has terminated.
Mono: successfully reloaded assembly
- Completed reload, in  1.222 seconds
Platform modules already initialized, skipping
Refreshing native plugins compatible for Editor in 0.41 ms, found 1 plugins.
Preloading 0 native plugins for Editor in 0.00 ms.
Unloading 1806 Unused Serialized files (Serialized files now loaded: 0)
System memory in use before: 87.8 MB.
System memory in use after: 87.9 MB.

Unloading 8 unused Assets to reduce memory usage. Loaded Objects now: 2310.
Total: 2.796900 ms (FindLiveObjects: 0.247200 ms CreateObjectMapping: 0.078500 ms MarkObjects: 2.442000 ms  DeleteObjects: 0.027200 ms)

========================================================================
Received Prepare
Registering precompiled user dll's ...
Registered in 0.001962 seconds.
Begin MonoManager ReloadAssembly
Native extension for WindowsStandalone target not found
Refreshing native plugins compatible for Editor in 0.42 ms, found 1 plugins.
Preloading 0 native plugins for Editor in 0.00 ms.
Invoked RoslynAnalysisRunner static constructor.
RoslynAnalysisRunner will not be running.
RoslynAnalysisRunner has terminated.
Mono: successfully reloaded assembly
- Completed reload, in  1.352 seconds
Platform modules already initialized, skipping
Refreshing native plugins compatible for Editor in 0.40 ms, found 1 plugins.
Preloading 0 native plugins for Editor in 0.00 ms.
Unloading 1806 Unused Serialized files (Serialized files now loaded: 0)
System memory in use before: 87.8 MB.
System memory in use after: 87.9 MB.

Unloading 8 unused Assets to reduce memory usage. Loaded Objects now: 2313.
Total: 3.847800 ms (FindLiveObjects: 0.348200 ms CreateObjectMapping: 0.402800 ms MarkObjects: 3.069400 ms  DeleteObjects: 0.023000 ms)

AssetImportWorkerClient::OnTransportError - code=2 error=End of file
